2015-04-28T02:25:09+00:00 DEBUG (7): MageBaseDps successAction userid FineTouchDisposables_Dev
2015-04-28T02:25:09+00:00 DEBUG (7): MageBaseDps successAction result 000003000542034400efdb93f3e62263
2015-04-28T02:25:09+00:00 DEBUG (7): DPS result from url: 000003000542034400efdb93f3e62263
2015-04-28T02:25:09+00:00 DEBUG (7): 100000694 DPS Response: Purchase OK - create Invoice
2015-04-28T02:25:11+00:00 DEBUG (7): MageBaseDps successAction userid FineTouchDisposables_Dev
2015-04-28T02:25:11+00:00 DEBUG (7): MageBaseDps successAction result 000003000542034400efdb93f3e62263
2015-04-28T02:25:11+00:00 DEBUG (7): 100000694 MageBaseDps User returned to Success Url
2015-04-28T03:48:46+00:00 DEBUG (7): MageBaseDps successAction userid FineTouchDisposables_Dev
2015-04-28T03:48:46+00:00 DEBUG (7): MageBaseDps successAction result 0000030005429273009c7c4f4c2a18cb
2015-04-28T03:48:46+00:00 DEBUG (7): DPS result from url: 0000030005429273009c7c4f4c2a18cb
2015-04-28T03:48:47+00:00 DEBUG (7): 100000695 DPS Response: Purchase OK - create Invoice
2015-04-28T03:48:57+00:00 DEBUG (7): MageBaseDps successAction userid FineTouchDisposables_Dev
2015-04-28T03:48:57+00:00 DEBUG (7): MageBaseDps successAction result 0000030005429273009c7c4f4c2a18cb
2015-04-28T03:48:57+00:00 DEBUG (7): 100000695 MageBaseDps User returned to Success Url
2015-04-28T21:40:52+00:00 DEBUG (7): MageBaseDps successAction userid FineTouchDisposables_Dev
2015-04-28T21:40:52+00:00 DEBUG (7): MageBaseDps successAction result 00000300054967650082e29f7e064393
2015-04-28T21:40:52+00:00 DEBUG (7): DPS result from url: 00000300054967650082e29f7e064393
2015-04-28T21:40:52+00:00 DEBUG (7): 100000697 DPS Response: Purchase OK - create Invoice
2015-04-28T21:40:54+00:00 DEBUG (7): MageBaseDps successAction userid FineTouchDisposables_Dev
2015-04-28T21:40:54+00:00 DEBUG (7): MageBaseDps successAction result 00000300054967650082e29f7e064393
2015-04-28T21:40:54+00:00 DEBUG (7): 100000697 MageBaseDps User returned to Success Url
2015-04-28T22:39:07+00:00 DEBUG (7): MageBaseDps successAction userid FineTouchDisposables_Dev
2015-04-28T22:39:07+00:00 DEBUG (7): MageBaseDps successAction result 00000300055043760027560f3320cf5b
2015-04-28T22:39:07+00:00 DEBUG (7): DPS result from url: 00000300055043760027560f3320cf5b
2015-04-28T22:39:07+00:00 DEBUG (7): 100000698 DPS Response: Purchase OK - create Invoice
2015-04-28T22:39:12+00:00 DEBUG (7): MageBaseDps successAction userid FineTouchDisposables_Dev
2015-04-28T22:39:12+00:00 DEBUG (7): MageBaseDps successAction result 00000300055043760027560f3320cf5b
2015-04-28T22:39:12+00:00 DEBUG (7): 100000698 MageBaseDps User returned to Success Url
2015-04-28T23:05:25+00:00 DEBUG (7): MageBaseDps successAction userid FineTouchDisposables_Dev
2015-04-28T23:05:25+00:00 DEBUG (7): MageBaseDps successAction result 0000030005509425009ffac486d041f7
2015-04-28T23:05:25+00:00 DEBUG (7): DPS result from url: 0000030005509425009ffac486d041f7
2015-04-28T23:05:26+00:00 DEBUG (7): 100000699 DPS Response: Purchase OK - create Invoice
2015-04-28T23:05:31+00:00 DEBUG (7): MageBaseDps successAction userid FineTouchDisposables_Dev
2015-04-28T23:05:31+00:00 DEBUG (7): MageBaseDps successAction result 0000030005509425009ffac486d041f7
2015-04-28T23:05:31+00:00 DEBUG (7): 100000699 MageBaseDps User returned to Success Url
2015-04-28T23:46:47+00:00 DEBUG (7): MageBaseDps failAction
2015-04-28T23:46:51+00:00 DEBUG (7): MageBaseDps failAction
2015-04-28T23:51:32+00:00 DEBUG (7): MageBaseDps successAction userid FineTouchDisposables_Dev
2015-04-28T23:51:32+00:00 DEBUG (7): MageBaseDps successAction result 0000030005516761007b615ddd8953c7
2015-04-28T23:51:32+00:00 DEBUG (7): DPS result from url: 0000030005516761007b615ddd8953c7
2015-04-28T23:51:32+00:00 DEBUG (7): 100000701 DPS Response: Purchase OK - create Invoice
2015-04-28T23:51:34+00:00 DEBUG (7): MageBaseDps successAction userid FineTouchDisposables_Dev
2015-04-28T23:51:34+00:00 DEBUG (7): MageBaseDps successAction result 0000030005516761007b615ddd8953c7
2015-04-28T23:51:34+00:00 DEBUG (7): 100000701 MageBaseDps User returned to Success Url
2015-05-05T21:31:15+00:00 DEBUG (7): MageBaseDps successAction userid FineTouchDisposables_Dev
2015-05-05T21:31:15+00:00 DEBUG (7): MageBaseDps successAction result 0000030006128297008cd6b83e328c5b
2015-05-05T21:31:15+00:00 DEBUG (7): DPS result from url: 0000030006128297008cd6b83e328c5b
2015-05-05T21:31:15+00:00 DEBUG (7): 100000703 DPS Response: Purchase OK - create Invoice
2015-05-05T21:31:18+00:00 DEBUG (7): MageBaseDps successAction userid FineTouchDisposables_Dev
2015-05-05T21:31:18+00:00 DEBUG (7): MageBaseDps successAction result 0000030006128297008cd6b83e328c5b
2015-05-05T21:31:18+00:00 DEBUG (7): 100000703 MageBaseDps User returned to Success Url
2015-05-05T22:14:47+00:00 DEBUG (7): MageBaseDps successAction userid FineTouchDisposables_Dev
2015-05-05T22:14:47+00:00 DEBUG (7): MageBaseDps successAction result 00000300061329250037da6cf1bfd64f
2015-05-05T22:14:47+00:00 DEBUG (7): DPS result from url: 00000300061329250037da6cf1bfd64f
2015-05-05T22:14:48+00:00 DEBUG (7): 100000704 DPS Response: Purchase OK - create Invoice
2015-05-05T22:14:50+00:00 DEBUG (7): MageBaseDps successAction userid FineTouchDisposables_Dev
2015-05-05T22:14:50+00:00 DEBUG (7): MageBaseDps successAction result 00000300061329250037da6cf1bfd64f
2015-05-05T22:14:50+00:00 DEBUG (7): 100000704 MageBaseDps User returned to Success Url
2015-05-06T01:06:53+00:00 DEBUG (7): MageBaseDps successAction userid FineTouchDisposables_Dev
2015-05-06T01:06:53+00:00 DEBUG (7): MageBaseDps successAction result 00000300061533040083a7bdd998f70b
2015-05-06T01:06:53+00:00 DEBUG (7): DPS result from url: 00000300061533040083a7bdd998f70b
2015-05-06T01:06:54+00:00 DEBUG (7): 100000705 DPS Response: Purchase OK - create Invoice
2015-05-06T01:06:56+00:00 DEBUG (7): MageBaseDps successAction userid FineTouchDisposables_Dev
2015-05-06T01:06:56+00:00 DEBUG (7): MageBaseDps successAction result 00000300061533040083a7bdd998f70b
2015-05-06T01:06:56+00:00 DEBUG (7): 100000705 MageBaseDps User returned to Success Url
2015-05-21T03:43:05+00:00 DEBUG (7): MageBaseDps successAction userid FineTouchDisposables
2015-05-21T03:43:05+00:00 DEBUG (7): MageBaseDps successAction result v5irBQpMycG5ht0ZjpJWHwGMK64CZLjD-REQ8mEyRAUWvghyN2TSMZwOh9g2wUyvLZGv1t9hqAqgAs4mNre0I5SVSagmFlPIeXAG5AsS5e6QagJKN0jZbhvnLUt_HEAbjt1neEHAfYKOV5HaD_Ckn8erx7zJao3-0ws2s7nt_TdBV820e0GdhAe4ziWeOwmn6hwzRNUDdyxBfOgd4kX0qmAohjEa72iY7-arf99vD4lH6szrB_AmpgUMcUpI1ew8F9qs_g8lYsgBGTofQAX4AmOLG353HtaA-cTjZPsviTXIW5YB1mxrgwLJcxvyJF_iBCVHexTgEGRCHquESk2fntvZQAinvP_cTChgUUBVKlSKi2j0ifghhyWTBMcgayOu6dZQbIVJC5VF717NfVSHnjCc-btWoGkaiQwcx-YGZeYp8lMsXI9YUSA46hznrWwVqeN-4cKcQGaIDRQH2PgP6Ehg323aFh7W0EexSqJ5eg1oM_gxDXI7SNJuEqAx90VLmsSKE_a7W-OrFyHEjcab07_vDlsmGyZlvix60dfb7bXmKvpwPoQpfvgIZXtlleLHAq
2015-05-21T03:43:05+00:00 DEBUG (7): DPS result from url: v5irBQpMycG5ht0ZjpJWHwGMK64CZLjD-REQ8mEyRAUWvghyN2TSMZwOh9g2wUyvLZGv1t9hqAqgAs4mNre0I5SVSagmFlPIeXAG5AsS5e6QagJKN0jZbhvnLUt_HEAbjt1neEHAfYKOV5HaD_Ckn8erx7zJao3-0ws2s7nt_TdBV820e0GdhAe4ziWeOwmn6hwzRNUDdyxBfOgd4kX0qmAohjEa72iY7-arf99vD4lH6szrB_AmpgUMcUpI1ew8F9qs_g8lYsgBGTofQAX4AmOLG353HtaA-cTjZPsviTXIW5YB1mxrgwLJcxvyJF_iBCVHexTgEGRCHquESk2fntvZQAinvP_cTChgUUBVKlSKi2j0ifghhyWTBMcgayOu6dZQbIVJC5VF717NfVSHnjCc-btWoGkaiQwcx-YGZeYp8lMsXI9YUSA46hznrWwVqeN-4cKcQGaIDRQH2PgP6Ehg323aFh7W0EexSqJ5eg1oM_gxDXI7SNJuEqAx90VLmsSKE_a7W-OrFyHEjcab07_vDlsmGyZlvix60dfb7bXmKvpwPoQpfvgIZXtlleLHAq
2015-05-21T03:43:05+00:00 DEBUG (7): 100000753 DPS Response: Purchase OK - create Invoice
2015-05-21T03:43:10+00:00 DEBUG (7): MageBaseDps successAction userid FineTouchDisposables
2015-05-21T03:43:10+00:00 DEBUG (7): MageBaseDps successAction result v5irBQpMycG5ht0ZjpJWHwGMK64CZLjD-REQ8mEyRAUWvghyN2TSMZwOh9g2wUyvLZGv1t9hqAqgAs4mNre0I5SVSagmFlPIeXAG5AsS5e6QagJKN0jZbhvnLUt_HEAbjt1neEHAfYKOV5HaD_Ckn8erx7zJao3-0ws2s7nt_TdBV820e0GdhAe4ziWeOwmn6hwzRNUDdyxBfOgd4kX0qmAohjEa72iY7-arf99vD4lH6szrB_AmpgUMcUpI1ew8F9qs_g8lYsgBGTofQAX4AmOLG353HtaA-cTjZPsviTXIW5YB1mxrgwLJcxvyJF_iBCVHexTgEGRCHquESk2fntvZQAinvP_cTChgUUBVKlSKi2j0ifghhyWTBMcgayOu6dZQbIVJC5VF717NfVSHnjCc-btWoGkaiQwcx-YGZeYp8lMsXI9YUSA46hznrWwVqeN-4cKcQGaIDRQH2PgP6Ehg323aFh7W0EexSqJ5eg1oM_gxDXI7SNJuEqAx90VLmsSKE_a7W-OrFyHEjcab07_vDlsmGyZlvix60dfb7bXmKvpwPoQpfvgIZXtlleLHAq
2015-05-21T03:43:10+00:00 DEBUG (7): 100000753 MageBaseDps User returned to Success Url
2015-05-21T23:40:41+00:00 DEBUG (7): MageBaseDps failAction
2015-05-24T10:06:17+00:00 DEBUG (7): MageBaseDps successAction userid FineTouchDisposables
2015-05-24T10:06:17+00:00 DEBUG (7): MageBaseDps successAction result v5irBQpMycG5ht0ZjpJWHwGMK64CZLjD-REQ8mEyRAUWvghyN2TSMZwOh9g2wUyvLZpMJtQ-OuY2yINAG1oWacZVpUMyDi5NaOivJh8c0coXZSAvEem_zwCD0VFDJKPRLzP7EWez7RodfBf-3muh2AmNovOfg_iGCYjaS9CoWLRFvGms7WaeEDDKLWTUAn62bjexe4KKyEdj0nTCeSbeCRFP1ev-aEM9N9xHA4Omzg8ovqKpU-kyPdzEQt99mGYI6cMTAZBQhIbuZAe3VWz4wxf6_bwGNBLBsSoAKMDd2gCvVDY8nvx_hlmo--uujNj8StQtUu67dsVUlYUCQgJ6CAliKTodOGOCccBlEQwdlSqYIiuusGOVNGS_w8e8LD5C2QMRoSuORsR5RYuR2WTiZgAlv9wiojzhwhvbBwzrEefBJbqGcL_0f4mgB9Nh1taKVv7RoZzRjEDgupxbQeNv5mlQaIyFJNLhIl7UgWYIRkgitZXmhGP7KHt0weuRYZ2j6n-SPKXiTOApT6iNQdM0Tsf5jZhl93hczAeh1yPeAsIpwXQYTtnsfq1A==
2015-05-24T10:06:17+00:00 DEBUG (7): DPS result from url: v5irBQpMycG5ht0ZjpJWHwGMK64CZLjD-REQ8mEyRAUWvghyN2TSMZwOh9g2wUyvLZpMJtQ-OuY2yINAG1oWacZVpUMyDi5NaOivJh8c0coXZSAvEem_zwCD0VFDJKPRLzP7EWez7RodfBf-3muh2AmNovOfg_iGCYjaS9CoWLRFvGms7WaeEDDKLWTUAn62bjexe4KKyEdj0nTCeSbeCRFP1ev-aEM9N9xHA4Omzg8ovqKpU-kyPdzEQt99mGYI6cMTAZBQhIbuZAe3VWz4wxf6_bwGNBLBsSoAKMDd2gCvVDY8nvx_hlmo--uujNj8StQtUu67dsVUlYUCQgJ6CAliKTodOGOCccBlEQwdlSqYIiuusGOVNGS_w8e8LD5C2QMRoSuORsR5RYuR2WTiZgAlv9wiojzhwhvbBwzrEefBJbqGcL_0f4mgB9Nh1taKVv7RoZzRjEDgupxbQeNv5mlQaIyFJNLhIl7UgWYIRkgitZXmhGP7KHt0weuRYZ2j6n-SPKXiTOApT6iNQdM0Tsf5jZhl93hczAeh1yPeAsIpwXQYTtnsfq1A==
2015-05-24T10:06:18+00:00 DEBUG (7): 100000756 DPS Response: Purchase OK - create Invoice
2015-05-24T10:06:19+00:00 DEBUG (7): MageBaseDps successAction userid FineTouchDisposables
2015-05-24T10:06:19+00:00 DEBUG (7): MageBaseDps successAction result v5irBQpMycG5ht0ZjpJWHwGMK64CZLjD-REQ8mEyRAUWvghyN2TSMZwOh9g2wUyvLZpMJtQ-OuY2yINAG1oWacZVpUMyDi5NaOivJh8c0coXZSAvEem_zwCD0VFDJKPRLzP7EWez7RodfBf-3muh2AmNovOfg_iGCYjaS9CoWLRFvGms7WaeEDDKLWTUAn62bjexe4KKyEdj0nTCeSbeCRFP1ev-aEM9N9xHA4Omzg8ovqKpU-kyPdzEQt99mGYI6cMTAZBQhIbuZAe3VWz4wxf6_bwGNBLBsSoAKMDd2gCvVDY8nvx_hlmo--uujNj8StQtUu67dsVUlYUCQgJ6CAliKTodOGOCccBlEQwdlSqYIiuusGOVNGS_w8e8LD5C2QMRoSuORsR5RYuR2WTiZgAlv9wiojzhwhvbBwzrEefBJbqGcL_0f4mgB9Nh1taKVv7RoZzRjEDgupxbQeNv5mlQaIyFJNLhIl7UgWYIRkgitZXmhGP7KHt0weuRYZ2j6n-SPKXiTOApT6iNQdM0Tsf5jZhl93hczAeh1yPeAsIpwXQYTtnsfq1A==
2015-05-24T10:06:19+00:00 DEBUG (7): 100000756 MageBaseDps User returned to Success Url
2015-05-25T23:56:14+00:00 DEBUG (7): MageBaseDps successAction userid FineTouchDisposables
2015-05-25T23:56:14+00:00 DEBUG (7): MageBaseDps successAction result v5irBQpMycG5ht0ZjpJWHwGMK64CZLjD-REQ8mEyRAUWvghyN2TSMZwOh9g2wUyvLZAMQ6vOv8rMbBV3Gs8yrkqCnpgXMewTwxivJh8c0coXZSAvEem_zwCJ0L0j4iy3tT_3k5IdPDxiZK2ElG1qJT4YvLeWF8lWcOufR6p1ZMYYH0w2ZGBK7Ey1jv7MTqAkZJHUZL98-855Qz0e3JhpzK8FRRVno4iBypMsv5tUowc8DXtLLFQuE8NqUcSslYGoVJl8BM7Exm6q_DDosq3yYFKyFmw5azrsXF4JzRREkbkIkLn3696Z9a7yLx_LxFEZ70BiL0ev5FIzW219xmVgxbZ2bN3HwXLUNUnlX-XWzvDHF1Zzsd6pLC1OHM8rChBksYOFNdKiARZJrtcr0C5CiDqzTsXp79RXmG5ljKd8Kse9q95ouAG6WHYajW2UL77GOI4FDhxNdBMlGlskOVTat0GIZZLP5AnvpZV0f-6m8oufQxMd7NyWVt0jwiD40o9-usxnPo5ISBSsSXjBppHXSRs-KafMd0SSQ9j_BEGjbHHLJX3Ryrv9YcttM5O2aVSrDH
2015-05-25T23:56:14+00:00 DEBUG (7): DPS result from url: v5irBQpMycG5ht0ZjpJWHwGMK64CZLjD-REQ8mEyRAUWvghyN2TSMZwOh9g2wUyvLZAMQ6vOv8rMbBV3Gs8yrkqCnpgXMewTwxivJh8c0coXZSAvEem_zwCJ0L0j4iy3tT_3k5IdPDxiZK2ElG1qJT4YvLeWF8lWcOufR6p1ZMYYH0w2ZGBK7Ey1jv7MTqAkZJHUZL98-855Qz0e3JhpzK8FRRVno4iBypMsv5tUowc8DXtLLFQuE8NqUcSslYGoVJl8BM7Exm6q_DDosq3yYFKyFmw5azrsXF4JzRREkbkIkLn3696Z9a7yLx_LxFEZ70BiL0ev5FIzW219xmVgxbZ2bN3HwXLUNUnlX-XWzvDHF1Zzsd6pLC1OHM8rChBksYOFNdKiARZJrtcr0C5CiDqzTsXp79RXmG5ljKd8Kse9q95ouAG6WHYajW2UL77GOI4FDhxNdBMlGlskOVTat0GIZZLP5AnvpZV0f-6m8oufQxMd7NyWVt0jwiD40o9-usxnPo5ISBSsSXjBppHXSRs-KafMd0SSQ9j_BEGjbHHLJX3Ryrv9YcttM5O2aVSrDH
2015-05-25T23:56:14+00:00 DEBUG (7): 100000758 DPS Response: Purchase OK - create Invoice
2015-05-25T23:56:21+00:00 DEBUG (7): MageBaseDps successAction userid FineTouchDisposables
2015-05-25T23:56:21+00:00 DEBUG (7): MageBaseDps successAction result v5irBQpMycG5ht0ZjpJWHwGMK64CZLjD-REQ8mEyRAUWvghyN2TSMZwOh9g2wUyvLZAMQ6vOv8rMbBV3Gs8yrkqCnpgXMewTwxivJh8c0coXZSAvEem_zwCJ0L0j4iy3tT_3k5IdPDxiZK2ElG1qJT4YvLeWF8lWcOufR6p1ZMYYH0w2ZGBK7Ey1jv7MTqAkZJHUZL98-855Qz0e3JhpzK8FRRVno4iBypMsv5tUowc8DXtLLFQuE8NqUcSslYGoVJl8BM7Exm6q_DDosq3yYFKyFmw5azrsXF4JzRREkbkIkLn3696Z9a7yLx_LxFEZ70BiL0ev5FIzW219xmVgxbZ2bN3HwXLUNUnlX-XWzvDHF1Zzsd6pLC1OHM8rChBksYOFNdKiARZJrtcr0C5CiDqzTsXp79RXmG5ljKd8Kse9q95ouAG6WHYajW2UL77GOI4FDhxNdBMlGlskOVTat0GIZZLP5AnvpZV0f-6m8oufQxMd7NyWVt0jwiD40o9-usxnPo5ISBSsSXjBppHXSRs-KafMd0SSQ9j_BEGjbHHLJX3Ryrv9YcttM5O2aVSrDH
2015-05-25T23:56:21+00:00 DEBUG (7): 100000758 MageBaseDps User returned to Success Url
2015-05-26T04:30:49+00:00 DEBUG (7): MageBaseDps successAction userid FineTouchDisposables
2015-05-26T04:30:49+00:00 DEBUG (7): MageBaseDps successAction result v5irBQpMycG5ht0ZjpJWHwGMK64CZLjD-REQ8mEyRAUWvghyN2TSMZwOh9g2wUyvLZjWJhuud7qAGzRIjB0J5OqNsDJJBDxI5DivJh8c0coXZSAvEem_zwCKJOHcHPClpi_3k5IdPDxiZK2ElG1qJT4VCcoR1n4AiTZwQA2FPcbqKaHwdQtAAG_yFUFF0b5SHop354SRoViOl0BVpBxMA35VRRVno4iBypMsv5tUowc8DXtLLFQuE8NqUcSslYGoVJl8BM7Exm6q_DDosq3yYFKyFmw5azrsXF4JzRREkbkIkLn3696Z9a7yLx_LxFEZ70M8f10ajqhChXljUPfHcd5ZwDYK54--RoOSMVc5cbqiUk8549gNjgVC_cITORFDGj03TKywOnGv8xGhK45GxHlFi5HZZOJmAC_bN6t5i9Fn3vdSmcGgum49okMfcBApPjcd7ML2eEbL3tGhnNGMQOC-x3cbN1e1TCeLSfLqwlugntSBZghGSCK7bXPAoCkU2CTB65FhnaPqf5I8peJM4ClPqI1B0zROx_mNmGX3eFzMAPyX6uY3J9XuXFfNIhARb3
2015-05-26T04:30:49+00:00 DEBUG (7): DPS result from url: v5irBQpMycG5ht0ZjpJWHwGMK64CZLjD-REQ8mEyRAUWvghyN2TSMZwOh9g2wUyvLZjWJhuud7qAGzRIjB0J5OqNsDJJBDxI5DivJh8c0coXZSAvEem_zwCKJOHcHPClpi_3k5IdPDxiZK2ElG1qJT4VCcoR1n4AiTZwQA2FPcbqKaHwdQtAAG_yFUFF0b5SHop354SRoViOl0BVpBxMA35VRRVno4iBypMsv5tUowc8DXtLLFQuE8NqUcSslYGoVJl8BM7Exm6q_DDosq3yYFKyFmw5azrsXF4JzRREkbkIkLn3696Z9a7yLx_LxFEZ70M8f10ajqhChXljUPfHcd5ZwDYK54--RoOSMVc5cbqiUk8549gNjgVC_cITORFDGj03TKywOnGv8xGhK45GxHlFi5HZZOJmAC_bN6t5i9Fn3vdSmcGgum49okMfcBApPjcd7ML2eEbL3tGhnNGMQOC-x3cbN1e1TCeLSfLqwlugntSBZghGSCK7bXPAoCkU2CTB65FhnaPqf5I8peJM4ClPqI1B0zROx_mNmGX3eFzMAPyX6uY3J9XuXFfNIhARb3
2015-05-26T04:30:50+00:00 DEBUG (7): 100000759 DPS Response: Purchase OK - create Invoice
2015-05-26T04:30:51+00:00 DEBUG (7): MageBaseDps successAction userid FineTouchDisposables
2015-05-26T04:30:51+00:00 DEBUG (7): MageBaseDps successAction result v5irBQpMycG5ht0ZjpJWHwGMK64CZLjD-REQ8mEyRAUWvghyN2TSMZwOh9g2wUyvLZjWJhuud7qAGzRIjB0J5OqNsDJJBDxI5DivJh8c0coXZSAvEem_zwCKJOHcHPClpi_3k5IdPDxiZK2ElG1qJT4VCcoR1n4AiTZwQA2FPcbqKaHwdQtAAG_yFUFF0b5SHop354SRoViOl0BVpBxMA35VRRVno4iBypMsv5tUowc8DXtLLFQuE8NqUcSslYGoVJl8BM7Exm6q_DDosq3yYFKyFmw5azrsXF4JzRREkbkIkLn3696Z9a7yLx_LxFEZ70M8f10ajqhChXljUPfHcd5ZwDYK54--RoOSMVc5cbqiUk8549gNjgVC_cITORFDGj03TKywOnGv8xGhK45GxHlFi5HZZOJmAC_bN6t5i9Fn3vdSmcGgum49okMfcBApPjcd7ML2eEbL3tGhnNGMQOC-x3cbN1e1TCeLSfLqwlugntSBZghGSCK7bXPAoCkU2CTB65FhnaPqf5I8peJM4ClPqI1B0zROx_mNmGX3eFzMAPyX6uY3J9XuXFfNIhARb3
2015-05-26T04:30:51+00:00 DEBUG (7): 100000759 MageBaseDps User returned to Success Url
2015-05-27T06:04:36+00:00 DEBUG (7): MageBaseDps successAction userid FineTouchDisposables
2015-05-27T06:04:36+00:00 DEBUG (7): MageBaseDps successAction result v5irBQpMycG5ht0ZjpJWHwGMK64CZLjD-REQ8mEyRAUWvghyN2TSMZwOh9g2wUyvLZy694mqn8U_CRyTmtAYhW7WHEhnFBHl4rivJh8c0coXZSAvEem_zwCMopXDrzaTgyP7EWez7RodfBf-3muh2AmJ6c8TAp4qM1h06Q5DxRp3k5hUou2-YWwyqTT_3HPyMOk2aMN-yyYlrNA1B5L68DjzzWFXLGLvut6Xm7lpeXr5UkoyZSR1cWLMG0VCSRy77EaDrcBq4Sj9YlVy5hmZcF-B_bfJzO_lXsVrnLM11KmyxuYgvutw-_Br600o-w0Nhb6JfgCG301d7KSy1NFv2RIYmTcsS5sOaOQC2v1AwOtuoe3XImHey7cAGJncaAwk92f9NZERQsSPY07F6e_UV5hncke9zn1iSkEuuaFjLyhF6THr_oh8Ur5wI_utHVAvIqRp-HGrpYnKeGWSz-QJ76WdmC2rjDsRJ5MTHezcllbdJu4gQwCQuk0cZz6OSEgUrEl4waaR10kbPimnzHdEkkPY_wRBo2xxyyGHKCeENkx-CN-aYT0vZGTg==
2015-05-27T06:04:36+00:00 DEBUG (7): DPS result from url: v5irBQpMycG5ht0ZjpJWHwGMK64CZLjD-REQ8mEyRAUWvghyN2TSMZwOh9g2wUyvLZy694mqn8U_CRyTmtAYhW7WHEhnFBHl4rivJh8c0coXZSAvEem_zwCMopXDrzaTgyP7EWez7RodfBf-3muh2AmJ6c8TAp4qM1h06Q5DxRp3k5hUou2-YWwyqTT_3HPyMOk2aMN-yyYlrNA1B5L68DjzzWFXLGLvut6Xm7lpeXr5UkoyZSR1cWLMG0VCSRy77EaDrcBq4Sj9YlVy5hmZcF-B_bfJzO_lXsVrnLM11KmyxuYgvutw-_Br600o-w0Nhb6JfgCG301d7KSy1NFv2RIYmTcsS5sOaOQC2v1AwOtuoe3XImHey7cAGJncaAwk92f9NZERQsSPY07F6e_UV5hncke9zn1iSkEuuaFjLyhF6THr_oh8Ur5wI_utHVAvIqRp-HGrpYnKeGWSz-QJ76WdmC2rjDsRJ5MTHezcllbdJu4gQwCQuk0cZz6OSEgUrEl4waaR10kbPimnzHdEkkPY_wRBo2xxyyGHKCeENkx-CN-aYT0vZGTg==
2015-05-27T06:04:36+00:00 DEBUG (7): 100000760 DPS Response: Purchase OK - create Invoice
2015-05-27T06:04:39+00:00 DEBUG (7): MageBaseDps successAction userid FineTouchDisposables
2015-05-27T06:04:39+00:00 DEBUG (7): MageBaseDps successAction result v5irBQpMycG5ht0ZjpJWHwGMK64CZLjD-REQ8mEyRAUWvghyN2TSMZwOh9g2wUyvLZy694mqn8U_CRyTmtAYhW7WHEhnFBHl4rivJh8c0coXZSAvEem_zwCMopXDrzaTgyP7EWez7RodfBf-3muh2AmJ6c8TAp4qM1h06Q5DxRp3k5hUou2-YWwyqTT_3HPyMOk2aMN-yyYlrNA1B5L68DjzzWFXLGLvut6Xm7lpeXr5UkoyZSR1cWLMG0VCSRy77EaDrcBq4Sj9YlVy5hmZcF-B_bfJzO_lXsVrnLM11KmyxuYgvutw-_Br600o-w0Nhb6JfgCG301d7KSy1NFv2RIYmTcsS5sOaOQC2v1AwOtuoe3XImHey7cAGJncaAwk92f9NZERQsSPY07F6e_UV5hncke9zn1iSkEuuaFjLyhF6THr_oh8Ur5wI_utHVAvIqRp-HGrpYnKeGWSz-QJ76WdmC2rjDsRJ5MTHezcllbdJu4gQwCQuk0cZz6OSEgUrEl4waaR10kbPimnzHdEkkPY_wRBo2xxyyGHKCeENkx-CN-aYT0vZGTg==
2015-05-27T06:04:39+00:00 DEBUG (7): 100000760 MageBaseDps User returned to Success Url
2015-05-28T21:40:26+00:00 DEBUG (7): MageBaseDps successAction userid FineTouchDisposables
2015-05-28T21:40:26+00:00 DEBUG (7): MageBaseDps successAction result v5irBQpMycG5ht0ZjpJWHwGMK64CZLjD-REQ8mEyRAUWvghyN2TSMZwOh9g2wUyvLZI_hrTGMvtolf5ns91yT5gvyNLLIUeSkJAG5AsS5e6QagJKN0jZbhvuaY6NGLp7pf1neEHAfYKOV5HaD_Ckn8ehg3QnpF_GUv4XNtmPKRaUfOz_bOXA4Vjt9RYxBU5opTofMI4HoRy60z5kyolEGUfohjEa72iY7-arf99vD4lH6szrB_AmpgUMcUpI1ew8F9qs_g8lYsgBGTofQAX4AmOLG353HtaA-cTjZPsviTXIW5YB1mxrgwLJcxvyJF_iBCZshHEe_8puliQoTsIfW78GfY9W3kl9YEEJ9Bi0c0RZRHmxjr3K1a0MXQsMHIW9UHlh6Dx-rK3-4xGhK45GxHlFi5HZZOJmAC3qj5nl1EyB4Cshyv2mKfJnlM-_zMK4kB4SZAMDEyWqftGhnNGMQOCywwkOndW6MdsEGIc1ZlP6rtSBZghGSCK2OUn0EAqNgVTB65FhnaPqf5I8peJM4ClPqI1B0zROx_mNmGX3eFzMCgDNLa-zgG_s4OBtRLWQpi
2015-05-28T21:40:26+00:00 DEBUG (7): DPS result from url: v5irBQpMycG5ht0ZjpJWHwGMK64CZLjD-REQ8mEyRAUWvghyN2TSMZwOh9g2wUyvLZI_hrTGMvtolf5ns91yT5gvyNLLIUeSkJAG5AsS5e6QagJKN0jZbhvuaY6NGLp7pf1neEHAfYKOV5HaD_Ckn8ehg3QnpF_GUv4XNtmPKRaUfOz_bOXA4Vjt9RYxBU5opTofMI4HoRy60z5kyolEGUfohjEa72iY7-arf99vD4lH6szrB_AmpgUMcUpI1ew8F9qs_g8lYsgBGTofQAX4AmOLG353HtaA-cTjZPsviTXIW5YB1mxrgwLJcxvyJF_iBCZshHEe_8puliQoTsIfW78GfY9W3kl9YEEJ9Bi0c0RZRHmxjr3K1a0MXQsMHIW9UHlh6Dx-rK3-4xGhK45GxHlFi5HZZOJmAC3qj5nl1EyB4Cshyv2mKfJnlM-_zMK4kB4SZAMDEyWqftGhnNGMQOCywwkOndW6MdsEGIc1ZlP6rtSBZghGSCK2OUn0EAqNgVTB65FhnaPqf5I8peJM4ClPqI1B0zROx_mNmGX3eFzMCgDNLa-zgG_s4OBtRLWQpi
2015-05-28T21:40:27+00:00 DEBUG (7): 100000762 DPS Response: Purchase OK - create Invoice
2015-05-28T21:40:30+00:00 DEBUG (7): MageBaseDps successAction userid FineTouchDisposables
2015-05-28T21:40:30+00:00 DEBUG (7): MageBaseDps successAction result v5irBQpMycG5ht0ZjpJWHwGMK64CZLjD-REQ8mEyRAUWvghyN2TSMZwOh9g2wUyvLZI_hrTGMvtolf5ns91yT5gvyNLLIUeSkJAG5AsS5e6QagJKN0jZbhvuaY6NGLp7pf1neEHAfYKOV5HaD_Ckn8ehg3QnpF_GUv4XNtmPKRaUfOz_bOXA4Vjt9RYxBU5opTofMI4HoRy60z5kyolEGUfohjEa72iY7-arf99vD4lH6szrB_AmpgUMcUpI1ew8F9qs_g8lYsgBGTofQAX4AmOLG353HtaA-cTjZPsviTXIW5YB1mxrgwLJcxvyJF_iBCZshHEe_8puliQoTsIfW78GfY9W3kl9YEEJ9Bi0c0RZRHmxjr3K1a0MXQsMHIW9UHlh6Dx-rK3-4xGhK45GxHlFi5HZZOJmAC3qj5nl1EyB4Cshyv2mKfJnlM-_zMK4kB4SZAMDEyWqftGhnNGMQOCywwkOndW6MdsEGIc1ZlP6rtSBZghGSCK2OUn0EAqNgVTB65FhnaPqf5I8peJM4ClPqI1B0zROx_mNmGX3eFzMCgDNLa-zgG_s4OBtRLWQpi
2015-05-28T21:40:30+00:00 DEBUG (7): 100000762 MageBaseDps User returned to Success Url
2015-05-31T04:49:27+00:00 DEBUG (7): MageBaseDps successAction userid FineTouchDisposables
2015-05-31T04:49:27+00:00 DEBUG (7): MageBaseDps successAction result v5irBQpMycG5ht0ZjpJWHwGMK64CZLjD-REQ8mEyRAUWvghyN2TSMZwOh9g2wUyvLZqqFkjT1ABTza606FqFEeHAnG31ZAiC_9ivJh8c0coXZSAvEem_zwCLixnAgkqyoU_3k5IdPDxiZK2ElG1qJT4Td8u14UmOabhWzxJUC5RoH0w2ZGBK7EyyutD7Qs73CnwJlScA5ZPQr4Zubgof0XCCOJE_MzbeYCXVbxjyJQab8xiTLvs5LO5X4GECZ8olyaCxcxarM6Vj0w75i_m2RwKZSmiDWcKDLEsqsixOzUWKGsff7ik42mUsk5CMM-PJNoEY2nk-zzZxMAmgWGCke6vjAVczE-Zfmy0IM4IH7rACMTePfTw0qmsBl7iCJtB3oQD_UC0jn4OT96Z8Iznwi3Osg61MYahyhnNUbu6Q52N17-3WXotDWahz7Ao4apcz81t6EitIFqClwiMLN5HyzPfatugzj1OBfojk5tYrJXuIaehzB_T8lFhYfrKNopZaEwodhftP1GKvZT_SGHZu2wZFUmfyj6K1KkM6l4ggtPKZA=
2015-05-31T04:49:28+00:00 DEBUG (7): DPS result from url: v5irBQpMycG5ht0ZjpJWHwGMK64CZLjD-REQ8mEyRAUWvghyN2TSMZwOh9g2wUyvLZqqFkjT1ABTza606FqFEeHAnG31ZAiC_9ivJh8c0coXZSAvEem_zwCLixnAgkqyoU_3k5IdPDxiZK2ElG1qJT4Td8u14UmOabhWzxJUC5RoH0w2ZGBK7EyyutD7Qs73CnwJlScA5ZPQr4Zubgof0XCCOJE_MzbeYCXVbxjyJQab8xiTLvs5LO5X4GECZ8olyaCxcxarM6Vj0w75i_m2RwKZSmiDWcKDLEsqsixOzUWKGsff7ik42mUsk5CMM-PJNoEY2nk-zzZxMAmgWGCke6vjAVczE-Zfmy0IM4IH7rACMTePfTw0qmsBl7iCJtB3oQD_UC0jn4OT96Z8Iznwi3Osg61MYahyhnNUbu6Q52N17-3WXotDWahz7Ao4apcz81t6EitIFqClwiMLN5HyzPfatugzj1OBfojk5tYrJXuIaehzB_T8lFhYfrKNopZaEwodhftP1GKvZT_SGHZu2wZFUmfyj6K1KkM6l4ggtPKZA=
2015-05-31T04:49:28+00:00 DEBUG (7): 100000763 DPS Response: Purchase OK - create Invoice
2015-05-31T04:49:30+00:00 DEBUG (7): MageBaseDps successAction userid FineTouchDisposables
2015-05-31T04:49:30+00:00 DEBUG (7): MageBaseDps successAction result v5irBQpMycG5ht0ZjpJWHwGMK64CZLjD-REQ8mEyRAUWvghyN2TSMZwOh9g2wUyvLZqqFkjT1ABTza606FqFEeHAnG31ZAiC_9ivJh8c0coXZSAvEem_zwCLixnAgkqyoU_3k5IdPDxiZK2ElG1qJT4Td8u14UmOabhWzxJUC5RoH0w2ZGBK7EyyutD7Qs73CnwJlScA5ZPQr4Zubgof0XCCOJE_MzbeYCXVbxjyJQab8xiTLvs5LO5X4GECZ8olyaCxcxarM6Vj0w75i_m2RwKZSmiDWcKDLEsqsixOzUWKGsff7ik42mUsk5CMM-PJNoEY2nk-zzZxMAmgWGCke6vjAVczE-Zfmy0IM4IH7rACMTePfTw0qmsBl7iCJtB3oQD_UC0jn4OT96Z8Iznwi3Osg61MYahyhnNUbu6Q52N17-3WXotDWahz7Ao4apcz81t6EitIFqClwiMLN5HyzPfatugzj1OBfojk5tYrJXuIaehzB_T8lFhYfrKNopZaEwodhftP1GKvZT_SGHZu2wZFUmfyj6K1KkM6l4ggtPKZA=
2015-05-31T04:49:30+00:00 DEBUG (7): 100000763 MageBaseDps User returned to Success Url
2015-06-02T03:42:05+00:00 DEBUG (7): MageBaseDps successAction userid FineTouchDisposables
2015-06-02T03:42:05+00:00 DEBUG (7): MageBaseDps successAction result v5irBQpMycG5ht0ZjpJWHwGMK64CZLjD-REQ8mEyRAUWvghyN2TSMZwOh9g2wUyvLZCoS-3BCa1fnBX1R3F2A7XwphnpB7VgDDivJh8c0coXZSAvEem_zwCEY5LsrJP1in_3k5IdPDxiZK2ElG1qJT4VCcoR1n4AiT9nqsH4slS661k4QCV0f0YX6uJk3aFaQSwJlScA5ZPQqARTEa_1LSEYhjEa72iY7-arf99vD4lH6szrB_AmpgUMcUpI1ew8F9qs_g8lYsgBGTofQAX4AmOLG353HtaA-cTjZPsviTXIW5YB1mxrgwLJcxvyJF_iBC422bhmbWfiKxU3qbSPAIXmCmFqzIQvnA94bQkvf7qdV3IhBMaX4jTO_AffDeRlJ9o3DgEhFr6M3Pm7VqBpGokFJvV_Ojr1m6RSjQG0qxrRg3rktnTvc6RurlfP90fQxptD19kroI_0XT5sT_sJDRlQyXV2z4g4g1P4MQ1yO0jSa0h2zJhmafF0ihP2u1vjqxchxI3Gm9O_7w5bJhsmZb4setHX2-215iMHTYpcLYF-APaUDWCRJH8w==
2015-06-02T03:42:05+00:00 DEBUG (7): DPS result from url: v5irBQpMycG5ht0ZjpJWHwGMK64CZLjD-REQ8mEyRAUWvghyN2TSMZwOh9g2wUyvLZCoS-3BCa1fnBX1R3F2A7XwphnpB7VgDDivJh8c0coXZSAvEem_zwCEY5LsrJP1in_3k5IdPDxiZK2ElG1qJT4VCcoR1n4AiT9nqsH4slS661k4QCV0f0YX6uJk3aFaQSwJlScA5ZPQqARTEa_1LSEYhjEa72iY7-arf99vD4lH6szrB_AmpgUMcUpI1ew8F9qs_g8lYsgBGTofQAX4AmOLG353HtaA-cTjZPsviTXIW5YB1mxrgwLJcxvyJF_iBC422bhmbWfiKxU3qbSPAIXmCmFqzIQvnA94bQkvf7qdV3IhBMaX4jTO_AffDeRlJ9o3DgEhFr6M3Pm7VqBpGokFJvV_Ojr1m6RSjQG0qxrRg3rktnTvc6RurlfP90fQxptD19kroI_0XT5sT_sJDRlQyXV2z4g4g1P4MQ1yO0jSa0h2zJhmafF0ihP2u1vjqxchxI3Gm9O_7w5bJhsmZb4setHX2-215iMHTYpcLYF-APaUDWCRJH8w==
2015-06-02T03:42:05+00:00 DEBUG (7): 100000764 DPS Response: Purchase OK - create Invoice
2015-06-02T03:42:09+00:00 DEBUG (7): MageBaseDps successAction userid FineTouchDisposables
2015-06-02T03:42:09+00:00 DEBUG (7): MageBaseDps successAction result v5irBQpMycG5ht0ZjpJWHwGMK64CZLjD-REQ8mEyRAUWvghyN2TSMZwOh9g2wUyvLZCoS-3BCa1fnBX1R3F2A7XwphnpB7VgDDivJh8c0coXZSAvEem_zwCEY5LsrJP1in_3k5IdPDxiZK2ElG1qJT4VCcoR1n4AiT9nqsH4slS661k4QCV0f0YX6uJk3aFaQSwJlScA5ZPQqARTEa_1LSEYhjEa72iY7-arf99vD4lH6szrB_AmpgUMcUpI1ew8F9qs_g8lYsgBGTofQAX4AmOLG353HtaA-cTjZPsviTXIW5YB1mxrgwLJcxvyJF_iBC422bhmbWfiKxU3qbSPAIXmCmFqzIQvnA94bQkvf7qdV3IhBMaX4jTO_AffDeRlJ9o3DgEhFr6M3Pm7VqBpGokFJvV_Ojr1m6RSjQG0qxrRg3rktnTvc6RurlfP90fQxptD19kroI_0XT5sT_sJDRlQyXV2z4g4g1P4MQ1yO0jSa0h2zJhmafF0ihP2u1vjqxchxI3Gm9O_7w5bJhsmZb4setHX2-215iMHTYpcLYF-APaUDWCRJH8w==
2015-06-02T03:42:09+00:00 DEBUG (7): 100000764 MageBaseDps User returned to Success Url
2015-06-04T01:45:51+00:00 DEBUG (7): MageBaseDps successAction userid FineTouchDisposables
2015-06-04T01:45:51+00:00 DEBUG (7): MageBaseDps successAction result v5irBQpMycG5ht0ZjpJWHwGMK64CZLjD-REQ8mEyRAUWvghyN2TSMZwOh9g2wUyvLZvQSZA_nqaIOq_v-dHSrEixqkhMWkXB8XAG5AsS5e6QagJKN0jZbhviuqadd2kg3T1neEHAfYKOV5HaD_Ckn8eogAINgJC9WEzKF-1AoKZprOz_bOXA4VjkgB5vqWza1vrfXLkpJS19yhM1gcuYux3YhjEa72iY7-arf99vD4lH6szrB_AmpgUMcUpI1ew8F9qs_g8lYsgBGTofQAX4AmOLG353HtaA-cTjZPsviTXIW5YB1mxrgwLJcxvyJF_iBCsnQUnVAqZB2wFJ0effsKp1cIrVb5_-9RSQWpvVIh9BDtpMTIyXP6aS_0IZtzrZdVAjg20Rt-6A0xGhK45GxHlFi5HZZOJmACj5-_7sY7pyYZs0Epmk-X-6GqtYbnmz7WYJHwg8HUWJftGhnNGMQOCyGI1Rh-7VEAMHUyw0iKJ8k9ydXnk1ulqHSAzZudi-lPTB65FhnaPqf5I8peJM4ClPqI1B0zROx_mNmGX3eFzMDPI4r608DImIADrT64OzbZ
2015-06-04T01:45:51+00:00 DEBUG (7): DPS result from url: v5irBQpMycG5ht0ZjpJWHwGMK64CZLjD-REQ8mEyRAUWvghyN2TSMZwOh9g2wUyvLZvQSZA_nqaIOq_v-dHSrEixqkhMWkXB8XAG5AsS5e6QagJKN0jZbhviuqadd2kg3T1neEHAfYKOV5HaD_Ckn8eogAINgJC9WEzKF-1AoKZprOz_bOXA4VjkgB5vqWza1vrfXLkpJS19yhM1gcuYux3YhjEa72iY7-arf99vD4lH6szrB_AmpgUMcUpI1ew8F9qs_g8lYsgBGTofQAX4AmOLG353HtaA-cTjZPsviTXIW5YB1mxrgwLJcxvyJF_iBCsnQUnVAqZB2wFJ0effsKp1cIrVb5_-9RSQWpvVIh9BDtpMTIyXP6aS_0IZtzrZdVAjg20Rt-6A0xGhK45GxHlFi5HZZOJmACj5-_7sY7pyYZs0Epmk-X-6GqtYbnmz7WYJHwg8HUWJftGhnNGMQOCyGI1Rh-7VEAMHUyw0iKJ8k9ydXnk1ulqHSAzZudi-lPTB65FhnaPqf5I8peJM4ClPqI1B0zROx_mNmGX3eFzMDPI4r608DImIADrT64OzbZ
2015-06-04T01:45:51+00:00 DEBUG (7): 100000769 DPS Response: Purchase OK - create Invoice
2015-06-04T01:45:56+00:00 DEBUG (7): MageBaseDps successAction userid FineTouchDisposables
2015-06-04T01:45:56+00:00 DEBUG (7): MageBaseDps successAction result v5irBQpMycG5ht0ZjpJWHwGMK64CZLjD-REQ8mEyRAUWvghyN2TSMZwOh9g2wUyvLZvQSZA_nqaIOq_v-dHSrEixqkhMWkXB8XAG5AsS5e6QagJKN0jZbhviuqadd2kg3T1neEHAfYKOV5HaD_Ckn8eogAINgJC9WEzKF-1AoKZprOz_bOXA4VjkgB5vqWza1vrfXLkpJS19yhM1gcuYux3YhjEa72iY7-arf99vD4lH6szrB_AmpgUMcUpI1ew8F9qs_g8lYsgBGTofQAX4AmOLG353HtaA-cTjZPsviTXIW5YB1mxrgwLJcxvyJF_iBCsnQUnVAqZB2wFJ0effsKp1cIrVb5_-9RSQWpvVIh9BDtpMTIyXP6aS_0IZtzrZdVAjg20Rt-6A0xGhK45GxHlFi5HZZOJmACj5-_7sY7pyYZs0Epmk-X-6GqtYbnmz7WYJHwg8HUWJftGhnNGMQOCyGI1Rh-7VEAMHUyw0iKJ8k9ydXnk1ulqHSAzZudi-lPTB65FhnaPqf5I8peJM4ClPqI1B0zROx_mNmGX3eFzMDPI4r608DImIADrT64OzbZ
2015-06-04T01:45:56+00:00 DEBUG (7): 100000769 MageBaseDps User returned to Success Url
2015-06-05T02:23:05+00:00 DEBUG (7): MageBaseDps successAction userid FineTouchDisposables
2015-06-05T02:23:05+00:00 DEBUG (7): MageBaseDps successAction result v5irBQpMycG5ht0ZjpJWHwGMK64CZLjD-REQ8mEyRAUWvghyN2TSMZwOh9g2wUyvLZ2-b8S45Gb3dIefwOHstEl2nQx0UP0ahYivJh8c0coXZSAvEem_zwCBiu4Qdn3uxA_3k5IdPDxiZK2ElG1qJT4Td8u14UmOabRpbSI0K8mArYipj5jQCp9CutD7Qs73Cn6TIwtNRcNca0spM_gwvNvOl5u5aXl6-VJKMmUkdXFizBtFQkkcu-xGg63AauEo_WJVcuYZmXBfgf23yczv5V7Fa5yzNdSpssbmIL7rcPvwa-tNKPsNDYWx7e0TRPTB0SMFNFnOm0CxDSHloAshybh7EnMdPPtknAoHz1qEi-YOVrT9oaijATzMp1_2mhupUz2irGWtJmkS-Xwt_ElY_BoWFp4KGm08Nm2EkURc5lHptuIbqeXrapY-aQQ952F3jLeNQo0ywn526vI8qxvAVYcZQ3Hwd9KeztIj1CLWILhZ9af6TJCURvvCIardjnqbJPzqbaJg0bwnc_wmKsCmovjN0oTdyoyNNu8XdQLvy1aMI=
2015-06-05T02:23:05+00:00 DEBUG (7): DPS result from url: v5irBQpMycG5ht0ZjpJWHwGMK64CZLjD-REQ8mEyRAUWvghyN2TSMZwOh9g2wUyvLZ2-b8S45Gb3dIefwOHstEl2nQx0UP0ahYivJh8c0coXZSAvEem_zwCBiu4Qdn3uxA_3k5IdPDxiZK2ElG1qJT4Td8u14UmOabRpbSI0K8mArYipj5jQCp9CutD7Qs73Cn6TIwtNRcNca0spM_gwvNvOl5u5aXl6-VJKMmUkdXFizBtFQkkcu-xGg63AauEo_WJVcuYZmXBfgf23yczv5V7Fa5yzNdSpssbmIL7rcPvwa-tNKPsNDYWx7e0TRPTB0SMFNFnOm0CxDSHloAshybh7EnMdPPtknAoHz1qEi-YOVrT9oaijATzMp1_2mhupUz2irGWtJmkS-Xwt_ElY_BoWFp4KGm08Nm2EkURc5lHptuIbqeXrapY-aQQ952F3jLeNQo0ywn526vI8qxvAVYcZQ3Hwd9KeztIj1CLWILhZ9af6TJCURvvCIardjnqbJPzqbaJg0bwnc_wmKsCmovjN0oTdyoyNNu8XdQLvy1aMI=
2015-06-05T02:23:08+00:00 DEBUG (7): 100000776 DPS Response: Purchase OK - create Invoice
2015-06-05T02:23:09+00:00 DEBUG (7): MageBaseDps failed with exception - see exception.log
2015-06-05T02:23:10+00:00 DEBUG (7): MageBaseDps successAction userid FineTouchDisposables
2015-06-05T02:23:10+00:00 DEBUG (7): MageBaseDps successAction result v5irBQpMycG5ht0ZjpJWHwGMK64CZLjD-REQ8mEyRAUWvghyN2TSMZwOh9g2wUyvLZ2-b8S45Gb3dIefwOHstEl2nQx0UP0ahYivJh8c0coXZSAvEem_zwCBiu4Qdn3uxA_3k5IdPDxiZK2ElG1qJT4Td8u14UmOabRpbSI0K8mArYipj5jQCp9CutD7Qs73Cn6TIwtNRcNca0spM_gwvNvOl5u5aXl6-VJKMmUkdXFizBtFQkkcu-xGg63AauEo_WJVcuYZmXBfgf23yczv5V7Fa5yzNdSpssbmIL7rcPvwa-tNKPsNDYWx7e0TRPTB0SMFNFnOm0CxDSHloAshybh7EnMdPPtknAoHz1qEi-YOVrT9oaijATzMp1_2mhupUz2irGWtJmkS-Xwt_ElY_BoWFp4KGm08Nm2EkURc5lHptuIbqeXrapY-aQQ952F3jLeNQo0ywn526vI8qxvAVYcZQ3Hwd9KeztIj1CLWILhZ9af6TJCURvvCIardjnqbJPzqbaJg0bwnc_wmKsCmovjN0oTdyoyNNu8XdQLvy1aMI=
2015-06-05T02:23:10+00:00 DEBUG (7): 100000776 MageBaseDps User returned to Success Url
2015-06-05T02:34:09+00:00 DEBUG (7): MageBaseDps successAction userid FineTouchDisposables
2015-06-05T02:34:09+00:00 DEBUG (7): MageBaseDps successAction result v5irBQpMycG5ht0ZjpJWHwGMK64CZLjD-REQ8mEyRAUWvghyN2TSMZwOh9g2wUyvLZ2-b8S45Gb3dIefwOHstEl2nQx0UP0ahYivJh8c0coXZSAvEem_zwCBiu4Qdn3uxA_3k5IdPDxiZK2ElG1qJT4Td8u14UmOabRpbSI0K8mArYipj5jQCp9CutD7Qs73Cn6TIwtNRcNca0spM_gwvNvOl5u5aXl6-VJKMmUkdXFizBtFQkkcu-xGg63AauEo_WJVcuYZmXBfgf23yczv5V7Fa5yzNdSpssbmIL7rcPvwa-tNKPsNDYWx7e0TRPTB0SMFNFnOm0CxDSHloAshybh7EnMdPPtknAoHz1qEi-YOVrT9oaijATzMp1_2mhupUz2irGWtJmkS-Xwt_ElY_BoWFp4KGm08Nm2EkURc5lHptuIbqeXrapY-aQQ952F3jLeNQo0ywn526vI8qxvAVYcZQ3Hwd9KeztIj1CLWILhZ9af6TJCURvvCIardjnqbJPzqbaJg0bwnc_wmKsCmovjN0oTdyoyNNu8XdQLvy1aMI=
2015-06-05T02:34:09+00:00 DEBUG (7): DPS result from url: v5irBQpMycG5ht0ZjpJWHwGMK64CZLjD-REQ8mEyRAUWvghyN2TSMZwOh9g2wUyvLZ2-b8S45Gb3dIefwOHstEl2nQx0UP0ahYivJh8c0coXZSAvEem_zwCBiu4Qdn3uxA_3k5IdPDxiZK2ElG1qJT4Td8u14UmOabRpbSI0K8mArYipj5jQCp9CutD7Qs73Cn6TIwtNRcNca0spM_gwvNvOl5u5aXl6-VJKMmUkdXFizBtFQkkcu-xGg63AauEo_WJVcuYZmXBfgf23yczv5V7Fa5yzNdSpssbmIL7rcPvwa-tNKPsNDYWx7e0TRPTB0SMFNFnOm0CxDSHloAshybh7EnMdPPtknAoHz1qEi-YOVrT9oaijATzMp1_2mhupUz2irGWtJmkS-Xwt_ElY_BoWFp4KGm08Nm2EkURc5lHptuIbqeXrapY-aQQ952F3jLeNQo0ywn526vI8qxvAVYcZQ3Hwd9KeztIj1CLWILhZ9af6TJCURvvCIardjnqbJPzqbaJg0bwnc_wmKsCmovjN0oTdyoyNNu8XdQLvy1aMI=
2015-06-05T02:34:10+00:00 DEBUG (7): 100000776 DPS Validation: Order already processed - current state (processing)
2015-06-06T11:23:39+00:00 DEBUG (7): MageBaseDps successAction userid FineTouchDisposables
2015-06-06T11:23:39+00:00 DEBUG (7): MageBaseDps successAction result v5irBQpMycG5ht0ZjpJWHwGMK64CZLjD-REQ8mEyRAUWvghyN2TSMZwOh9g2wUyvLZBjg5QDwzS_3XYd8PQw1VninpgXMewTwxivJh8c0coXZSAvEem_zwCM0rgOdD3By9_3k5IdPDxiZK2ElG1qJT4bBv0Y31uSr4MHTz1BwOmsoeuGx8cuslCVjv7MTqAkZJZB5MfAmUgzK4MWoqv5y2KSOJE_MzbeYCXVbxjyJQab8xiTLvs5LO5X4GECZ8olyaCxcxarM6Vj0w75i_m2RwKZSmiDWcKDLEsqsixOzUWKGsff7ik42mUsk5CMM-PJNomED9vi_YWOcUVOTFNHQXw20pTwhWi9OZ7v_y2nHAWZvEd5PaN4BmsonPRnzJalTrRiJMJUMtkFUxGhK45GxHlFi5HZZOJmACtHqJJPJ2W3bhQaXchHcFxv6M8X0BCGBqliAe6KffP2vtGhnNGMQOC-ZfyQyKB38Al-E5xlLbNHo9ydXnk1ulqDeOI61b-uN2TB65FhnaPqf5I8peJM4ClPqI1B0zROx_mNmGX3eFzMCy3Ce7AX-yVw2wETihniOm
2015-06-06T11:23:39+00:00 DEBUG (7): DPS result from url: v5irBQpMycG5ht0ZjpJWHwGMK64CZLjD-REQ8mEyRAUWvghyN2TSMZwOh9g2wUyvLZBjg5QDwzS_3XYd8PQw1VninpgXMewTwxivJh8c0coXZSAvEem_zwCM0rgOdD3By9_3k5IdPDxiZK2ElG1qJT4bBv0Y31uSr4MHTz1BwOmsoeuGx8cuslCVjv7MTqAkZJZB5MfAmUgzK4MWoqv5y2KSOJE_MzbeYCXVbxjyJQab8xiTLvs5LO5X4GECZ8olyaCxcxarM6Vj0w75i_m2RwKZSmiDWcKDLEsqsixOzUWKGsff7ik42mUsk5CMM-PJNomED9vi_YWOcUVOTFNHQXw20pTwhWi9OZ7v_y2nHAWZvEd5PaN4BmsonPRnzJalTrRiJMJUMtkFUxGhK45GxHlFi5HZZOJmACtHqJJPJ2W3bhQaXchHcFxv6M8X0BCGBqliAe6KffP2vtGhnNGMQOC-ZfyQyKB38Al-E5xlLbNHo9ydXnk1ulqDeOI61b-uN2TB65FhnaPqf5I8peJM4ClPqI1B0zROx_mNmGX3eFzMCy3Ce7AX-yVw2wETihniOm
2015-06-06T11:23:39+00:00 DEBUG (7): 100000777 DPS Response: Purchase OK - create Invoice
2015-06-06T11:23:40+00:00 DEBUG (7): MageBaseDps failed with exception - see exception.log
2015-06-06T11:24:01+00:00 DEBUG (7): MageBaseDps successAction userid FineTouchDisposables
2015-06-06T11:24:01+00:00 DEBUG (7): MageBaseDps successAction result v5irBQpMycG5ht0ZjpJWHwGMK64CZLjD-REQ8mEyRAUWvghyN2TSMZwOh9g2wUyvLZBjg5QDwzS_3XYd8PQw1VninpgXMewTwxivJh8c0coXZSAvEem_zwCM0rgOdD3By9_3k5IdPDxiZK2ElG1qJT4bBv0Y31uSr4MHTz1BwOmsoeuGx8cuslCVjv7MTqAkZJZB5MfAmUgzK4MWoqv5y2KSOJE_MzbeYCXVbxjyJQab8xiTLvs5LO5X4GECZ8olyaCxcxarM6Vj0w75i_m2RwKZSmiDWcKDLEsqsixOzUWKGsff7ik42mUsk5CMM-PJNomED9vi_YWOcUVOTFNHQXw20pTwhWi9OZ7v_y2nHAWZvEd5PaN4BmsonPRnzJalTrRiJMJUMtkFUxGhK45GxHlFi5HZZOJmACtHqJJPJ2W3bhQaXchHcFxv6M8X0BCGBqliAe6KffP2vtGhnNGMQOC-ZfyQyKB38Al-E5xlLbNHo9ydXnk1ulqDeOI61b-uN2TB65FhnaPqf5I8peJM4ClPqI1B0zROx_mNmGX3eFzMCy3Ce7AX-yVw2wETihniOm
2015-06-06T11:24:01+00:00 DEBUG (7): 100000777 MageBaseDps User returned to Success Url
2015-06-06T11:34:42+00:00 DEBUG (7): MageBaseDps successAction userid FineTouchDisposables
2015-06-06T11:34:42+00:00 DEBUG (7): MageBaseDps successAction result v5irBQpMycG5ht0ZjpJWHwGMK64CZLjD-REQ8mEyRAUWvghyN2TSMZwOh9g2wUyvLZBjg5QDwzS_3XYd8PQw1VninpgXMewTwxivJh8c0coXZSAvEem_zwCM0rgOdD3By9_3k5IdPDxiZK2ElG1qJT4bBv0Y31uSr4MHTz1BwOmsoeuGx8cuslCVjv7MTqAkZJZB5MfAmUgzK4MWoqv5y2KSOJE_MzbeYCXVbxjyJQab8xiTLvs5LO5X4GECZ8olyaCxcxarM6Vj0w75i_m2RwKZSmiDWcKDLEsqsixOzUWKGsff7ik42mUsk5CMM-PJNomED9vi_YWOcUVOTFNHQXw20pTwhWi9OZ7v_y2nHAWZvEd5PaN4BmsonPRnzJalTrRiJMJUMtkFUxGhK45GxHlFi5HZZOJmACtHqJJPJ2W3bhQaXchHcFxv6M8X0BCGBqliAe6KffP2vtGhnNGMQOC-ZfyQyKB38Al-E5xlLbNHo9ydXnk1ulqDeOI61b-uN2TB65FhnaPqf5I8peJM4ClPqI1B0zROx_mNmGX3eFzMCy3Ce7AX-yVw2wETihniOm
2015-06-06T11:34:42+00:00 DEBUG (7): DPS result from url: v5irBQpMycG5ht0ZjpJWHwGMK64CZLjD-REQ8mEyRAUWvghyN2TSMZwOh9g2wUyvLZBjg5QDwzS_3XYd8PQw1VninpgXMewTwxivJh8c0coXZSAvEem_zwCM0rgOdD3By9_3k5IdPDxiZK2ElG1qJT4bBv0Y31uSr4MHTz1BwOmsoeuGx8cuslCVjv7MTqAkZJZB5MfAmUgzK4MWoqv5y2KSOJE_MzbeYCXVbxjyJQab8xiTLvs5LO5X4GECZ8olyaCxcxarM6Vj0w75i_m2RwKZSmiDWcKDLEsqsixOzUWKGsff7ik42mUsk5CMM-PJNomED9vi_YWOcUVOTFNHQXw20pTwhWi9OZ7v_y2nHAWZvEd5PaN4BmsonPRnzJalTrRiJMJUMtkFUxGhK45GxHlFi5HZZOJmACtHqJJPJ2W3bhQaXchHcFxv6M8X0BCGBqliAe6KffP2vtGhnNGMQOC-ZfyQyKB38Al-E5xlLbNHo9ydXnk1ulqDeOI61b-uN2TB65FhnaPqf5I8peJM4ClPqI1B0zROx_mNmGX3eFzMCy3Ce7AX-yVw2wETihniOm
2015-06-06T11:34:43+00:00 DEBUG (7): 100000777 DPS Validation: Order already processed - current state (processing)
2015-06-09T09:22:26+00:00 DEBUG (7): MageBaseDps successAction userid FineTouchDisposables
2015-06-09T09:22:26+00:00 DEBUG (7): MageBaseDps successAction result v5irBQpMycG5ht0ZjpJWHwGMK64CZLjD-REQ8mEyRAUWvghyN2TSMZwOh9g2wUyvLZtNDlbETl6Wgs4mNre0I5Sd5V4_2aCjcPivJh8c0coXZSAvEem_zwCHCyxXfu0mD__3k5IdPDxiZK2ElG1qJT4cFlfdNaa7yC6szjZI_BwjWF7PHKSNiZxzmB3RF8m6A3wlXT6Dmhm_wsDJtXgYjMbyOJE_MzbeYCXVbxjyJQab8xiTLvs5LO5X4GECZ8olyaCxcxarM6Vj0w75i_m2RwKZSmiDWcKDLEsqsixOzUWKGsff7ik42mUsk5CMM-PJNonJqTkz4q8I0FJ5OgeG8YL_OtiIhVGPd_8XIfTC2y9Dh66miIjwu0pylVvyTiiGg_o3DgEhFr6M3Pm7VqBpGokD_02NwVmXRBWfmN9lwXB60qLgkL5yYA25dXNG13tvzeEH2-n0HYzBHT5sT_sJDRlSAHbGfRSXFSP4MQ1yO0jSbYJySSvznxhUihP2u1vjqxchxI3Gm9O_7w5bJhsmZb4setHX2-215isLsLwTNjUs29oGDiWaVGrQ==
2015-06-09T09:22:26+00:00 DEBUG (7): DPS result from url: v5irBQpMycG5ht0ZjpJWHwGMK64CZLjD-REQ8mEyRAUWvghyN2TSMZwOh9g2wUyvLZtNDlbETl6Wgs4mNre0I5Sd5V4_2aCjcPivJh8c0coXZSAvEem_zwCHCyxXfu0mD__3k5IdPDxiZK2ElG1qJT4cFlfdNaa7yC6szjZI_BwjWF7PHKSNiZxzmB3RF8m6A3wlXT6Dmhm_wsDJtXgYjMbyOJE_MzbeYCXVbxjyJQab8xiTLvs5LO5X4GECZ8olyaCxcxarM6Vj0w75i_m2RwKZSmiDWcKDLEsqsixOzUWKGsff7ik42mUsk5CMM-PJNonJqTkz4q8I0FJ5OgeG8YL_OtiIhVGPd_8XIfTC2y9Dh66miIjwu0pylVvyTiiGg_o3DgEhFr6M3Pm7VqBpGokD_02NwVmXRBWfmN9lwXB60qLgkL5yYA25dXNG13tvzeEH2-n0HYzBHT5sT_sJDRlSAHbGfRSXFSP4MQ1yO0jSbYJySSvznxhUihP2u1vjqxchxI3Gm9O_7w5bJhsmZb4setHX2-215isLsLwTNjUs29oGDiWaVGrQ==
2015-06-09T09:22:27+00:00 DEBUG (7): 100000778 DPS Response: Purchase OK - create Invoice
2015-06-09T09:22:27+00:00 DEBUG (7): MageBaseDps failed with exception - see exception.log
2015-06-09T09:22:51+00:00 DEBUG (7): MageBaseDps successAction userid FineTouchDisposables
2015-06-09T09:22:51+00:00 DEBUG (7): MageBaseDps successAction result v5irBQpMycG5ht0ZjpJWHwGMK64CZLjD-REQ8mEyRAUWvghyN2TSMZwOh9g2wUyvLZtNDlbETl6Wgs4mNre0I5Sd5V4_2aCjcPivJh8c0coXZSAvEem_zwCHCyxXfu0mD__3k5IdPDxiZK2ElG1qJT4cFlfdNaa7yC6szjZI_BwjWF7PHKSNiZxzmB3RF8m6A3wlXT6Dmhm_wsDJtXgYjMbyOJE_MzbeYCXVbxjyJQab8xiTLvs5LO5X4GECZ8olyaCxcxarM6Vj0w75i_m2RwKZSmiDWcKDLEsqsixOzUWKGsff7ik42mUsk5CMM-PJNonJqTkz4q8I0FJ5OgeG8YL_OtiIhVGPd_8XIfTC2y9Dh66miIjwu0pylVvyTiiGg_o3DgEhFr6M3Pm7VqBpGokD_02NwVmXRBWfmN9lwXB60qLgkL5yYA25dXNG13tvzeEH2-n0HYzBHT5sT_sJDRlSAHbGfRSXFSP4MQ1yO0jSbYJySSvznxhUihP2u1vjqxchxI3Gm9O_7w5bJhsmZb4setHX2-215isLsLwTNjUs29oGDiWaVGrQ==
2015-06-09T09:22:51+00:00 DEBUG (7): 100000778 MageBaseDps User returned to Success Url
2015-06-09T09:33:30+00:00 DEBUG (7): MageBaseDps successAction userid FineTouchDisposables
2015-06-09T09:33:30+00:00 DEBUG (7): MageBaseDps successAction result v5irBQpMycG5ht0ZjpJWHwGMK64CZLjD-REQ8mEyRAUWvghyN2TSMZwOh9g2wUyvLZtNDlbETl6Wgs4mNre0I5Sd5V4_2aCjcPivJh8c0coXZSAvEem_zwCHCyxXfu0mD__3k5IdPDxiZK2ElG1qJT4cFlfdNaa7yC6szjZI_BwjWF7PHKSNiZxzmB3RF8m6A3wlXT6Dmhm_wsDJtXgYjMbyOJE_MzbeYCXVbxjyJQab8xiTLvs5LO5X4GECZ8olyaCxcxarM6Vj0w75i_m2RwKZSmiDWcKDLEsqsixOzUWKGsff7ik42mUsk5CMM-PJNonJqTkz4q8I0FJ5OgeG8YL_OtiIhVGPd_8XIfTC2y9Dh66miIjwu0pylVvyTiiGg_o3DgEhFr6M3Pm7VqBpGokD_02NwVmXRBWfmN9lwXB60qLgkL5yYA25dXNG13tvzeEH2-n0HYzBHT5sT_sJDRlSAHbGfRSXFSP4MQ1yO0jSbYJySSvznxhUihP2u1vjqxchxI3Gm9O_7w5bJhsmZb4setHX2-215isLsLwTNjUs29oGDiWaVGrQ==
2015-06-09T09:33:30+00:00 DEBUG (7): DPS result from url: v5irBQpMycG5ht0ZjpJWHwGMK64CZLjD-REQ8mEyRAUWvghyN2TSMZwOh9g2wUyvLZtNDlbETl6Wgs4mNre0I5Sd5V4_2aCjcPivJh8c0coXZSAvEem_zwCHCyxXfu0mD__3k5IdPDxiZK2ElG1qJT4cFlfdNaa7yC6szjZI_BwjWF7PHKSNiZxzmB3RF8m6A3wlXT6Dmhm_wsDJtXgYjMbyOJE_MzbeYCXVbxjyJQab8xiTLvs5LO5X4GECZ8olyaCxcxarM6Vj0w75i_m2RwKZSmiDWcKDLEsqsixOzUWKGsff7ik42mUsk5CMM-PJNonJqTkz4q8I0FJ5OgeG8YL_OtiIhVGPd_8XIfTC2y9Dh66miIjwu0pylVvyTiiGg_o3DgEhFr6M3Pm7VqBpGokD_02NwVmXRBWfmN9lwXB60qLgkL5yYA25dXNG13tvzeEH2-n0HYzBHT5sT_sJDRlSAHbGfRSXFSP4MQ1yO0jSbYJySSvznxhUihP2u1vjqxchxI3Gm9O_7w5bJhsmZb4setHX2-215isLsLwTNjUs29oGDiWaVGrQ==
2015-06-09T09:33:30+00:00 DEBUG (7): 100000778 DPS Validation: Order already processed - current state (processing)
2015-06-09T21:53:56+00:00 DEBUG (7): MageBaseDps successAction userid FineTouchDisposables
2015-06-09T21:53:56+00:00 DEBUG (7): MageBaseDps successAction result v5irBQpMycG5ht0ZjpJWHwGMK64CZLjD-REQ8mEyRAUWvghyN2TSMZwOh9g2wUyvLZMDGSjHSoGZq6s6Ccv-XDpON6FK3iH49bivJh8c0coXZSAvEem_zwCEBSW8mOI3VF_3k5IdPDxiZK2ElG1qJT4eH7QSe4aoWCsLqzpBCUqEWaHwdQtAAG_1jv7MTqAkZJ9YUx7smYL7OCpDOI-SNG9VRRVno4iBypMsv5tUowc8DXtLLFQuE8NqUcSslYGoVJl8BM7Exm6q_DDosq3yYFKyFmw5azrsXF4JzRREkbkIkLn3696Z9a7yLx_LxFEZ70IdGi7EOsccAzEuLdffq2OPS7bwOHssmSRZWmvpzGTnNzgNw-6xb7bvzw28Nzi33GGXuIIm0HehAP9QLSOfg5P2jhabcZQWf0q6PZJldDtTyZHhABLSh7X5BORAuCsorBL6z8ZKIDY_C3oSK0gWoKXASYD-RoZ_Ad4HuhUbUscc0q2AI9WECpAJ6HMH9PyUWFh-so2illoTCh2F-0_UYq9lP9IYdm7bBkVSZ_KPorUqTjry8hYTeJCQ==
2015-06-09T21:53:56+00:00 DEBUG (7): DPS result from url: v5irBQpMycG5ht0ZjpJWHwGMK64CZLjD-REQ8mEyRAUWvghyN2TSMZwOh9g2wUyvLZMDGSjHSoGZq6s6Ccv-XDpON6FK3iH49bivJh8c0coXZSAvEem_zwCEBSW8mOI3VF_3k5IdPDxiZK2ElG1qJT4eH7QSe4aoWCsLqzpBCUqEWaHwdQtAAG_1jv7MTqAkZJ9YUx7smYL7OCpDOI-SNG9VRRVno4iBypMsv5tUowc8DXtLLFQuE8NqUcSslYGoVJl8BM7Exm6q_DDosq3yYFKyFmw5azrsXF4JzRREkbkIkLn3696Z9a7yLx_LxFEZ70IdGi7EOsccAzEuLdffq2OPS7bwOHssmSRZWmvpzGTnNzgNw-6xb7bvzw28Nzi33GGXuIIm0HehAP9QLSOfg5P2jhabcZQWf0q6PZJldDtTyZHhABLSh7X5BORAuCsorBL6z8ZKIDY_C3oSK0gWoKXASYD-RoZ_Ad4HuhUbUscc0q2AI9WECpAJ6HMH9PyUWFh-so2illoTCh2F-0_UYq9lP9IYdm7bBkVSZ_KPorUqTjry8hYTeJCQ==
2015-06-09T21:53:56+00:00 DEBUG (7): 100000779 DPS Response: Purchase OK - create Invoice
2015-06-09T21:53:57+00:00 DEBUG (7): MageBaseDps failed with exception - see exception.log
2015-06-09T21:53:57+00:00 DEBUG (7): MageBaseDps successAction userid FineTouchDisposables
2015-06-09T21:53:57+00:00 DEBUG (7): MageBaseDps successAction result v5irBQpMycG5ht0ZjpJWHwGMK64CZLjD-REQ8mEyRAUWvghyN2TSMZwOh9g2wUyvLZMDGSjHSoGZq6s6Ccv-XDpON6FK3iH49bivJh8c0coXZSAvEem_zwCEBSW8mOI3VF_3k5IdPDxiZK2ElG1qJT4eH7QSe4aoWCsLqzpBCUqEWaHwdQtAAG_1jv7MTqAkZJ9YUx7smYL7OCpDOI-SNG9VRRVno4iBypMsv5tUowc8DXtLLFQuE8NqUcSslYGoVJl8BM7Exm6q_DDosq3yYFKyFmw5azrsXF4JzRREkbkIkLn3696Z9a7yLx_LxFEZ70IdGi7EOsccAzEuLdffq2OPS7bwOHssmSRZWmvpzGTnNzgNw-6xb7bvzw28Nzi33GGXuIIm0HehAP9QLSOfg5P2jhabcZQWf0q6PZJldDtTyZHhABLSh7X5BORAuCsorBL6z8ZKIDY_C3oSK0gWoKXASYD-RoZ_Ad4HuhUbUscc0q2AI9WECpAJ6HMH9PyUWFh-so2illoTCh2F-0_UYq9lP9IYdm7bBkVSZ_KPorUqTjry8hYTeJCQ==
2015-06-09T21:53:57+00:00 DEBUG (7): 100000779 MageBaseDps User returned to Success Url
2015-06-09T22:04:57+00:00 DEBUG (7): MageBaseDps successAction userid FineTouchDisposables
2015-06-09T22:04:57+00:00 DEBUG (7): MageBaseDps successAction result v5irBQpMycG5ht0ZjpJWHwGMK64CZLjD-REQ8mEyRAUWvghyN2TSMZwOh9g2wUyvLZMDGSjHSoGZq6s6Ccv-XDpON6FK3iH49bivJh8c0coXZSAvEem_zwCEBSW8mOI3VF_3k5IdPDxiZK2ElG1qJT4eH7QSe4aoWCsLqzpBCUqEWaHwdQtAAG_1jv7MTqAkZJ9YUx7smYL7OCpDOI-SNG9VRRVno4iBypMsv5tUowc8DXtLLFQuE8NqUcSslYGoVJl8BM7Exm6q_DDosq3yYFKyFmw5azrsXF4JzRREkbkIkLn3696Z9a7yLx_LxFEZ70IdGi7EOsccAzEuLdffq2OPS7bwOHssmSRZWmvpzGTnNzgNw-6xb7bvzw28Nzi33GGXuIIm0HehAP9QLSOfg5P2jhabcZQWf0q6PZJldDtTyZHhABLSh7X5BORAuCsorBL6z8ZKIDY_C3oSK0gWoKXASYD-RoZ_Ad4HuhUbUscc0q2AI9WECpAJ6HMH9PyUWFh-so2illoTCh2F-0_UYq9lP9IYdm7bBkVSZ_KPorUqTjry8hYTeJCQ==
2015-06-09T22:04:57+00:00 DEBUG (7): DPS result from url: v5irBQpMycG5ht0ZjpJWHwGMK64CZLjD-REQ8mEyRAUWvghyN2TSMZwOh9g2wUyvLZMDGSjHSoGZq6s6Ccv-XDpON6FK3iH49bivJh8c0coXZSAvEem_zwCEBSW8mOI3VF_3k5IdPDxiZK2ElG1qJT4eH7QSe4aoWCsLqzpBCUqEWaHwdQtAAG_1jv7MTqAkZJ9YUx7smYL7OCpDOI-SNG9VRRVno4iBypMsv5tUowc8DXtLLFQuE8NqUcSslYGoVJl8BM7Exm6q_DDosq3yYFKyFmw5azrsXF4JzRREkbkIkLn3696Z9a7yLx_LxFEZ70IdGi7EOsccAzEuLdffq2OPS7bwOHssmSRZWmvpzGTnNzgNw-6xb7bvzw28Nzi33GGXuIIm0HehAP9QLSOfg5P2jhabcZQWf0q6PZJldDtTyZHhABLSh7X5BORAuCsorBL6z8ZKIDY_C3oSK0gWoKXASYD-RoZ_Ad4HuhUbUscc0q2AI9WECpAJ6HMH9PyUWFh-so2illoTCh2F-0_UYq9lP9IYdm7bBkVSZ_KPorUqTjry8hYTeJCQ==
2015-06-09T22:04:58+00:00 DEBUG (7): 100000779 DPS Validation: Order already processed - current state (complete)
2015-06-11T22:49:43+00:00 DEBUG (7): MageBaseDps successAction userid FineTouchDisposables
2015-06-11T22:49:43+00:00 DEBUG (7): MageBaseDps successAction result v5irBQpMycG5ht0ZjpJWHwGMK64CZLjD-REQ8mEyRAUWvghyN2TSMZwOh9g2wUyvLZ8r7Z1_35Mfqk6jIwIL_cBd-V01pHtQCQAG5AsS5e6QagJKN0jZbhvopr0YjgOmZYnz_oxiKHax9foAKIBECDcwzPBKVnPDhA0mmZn3wvuW5WXdKmvGOpck62inVx6ntgUzN_O9eoVNszkfJ-GlDnMbkEkTthJ-2rxHA4Omzg8ovqKpU-kyPdzEQt99mGYI6cMTAZBQhIbuZAe3VWz4wxf6_bwGNBLBsSoAKMDd2gCvVDY8nvx_hlmo--uujNj8StLrYsdrUNdXJq7VCg2cgp0w_ZX7Nc0Gt2Rt0E-hoBGt_eYzQN8tl4Muprso17vcayAjg20Rt-6A0xGhK45GxHlFi5HZZOJmACwh7jsdsJDRwEIaShRO67_dZ9RfarJZAItIrYw8bVBqTtGhnNGMQOCwtupYl2T4G8fe1CwL54gz49ydXnk1ulqAR8qhs8cNWwTB65FhnaPqf5I8peJM4ClPqI1B0zROx_mNmGX3eFzMC8G_EiV4Z3kjnfbnvh87Ac
2015-06-11T22:49:43+00:00 DEBUG (7): DPS result from url: v5irBQpMycG5ht0ZjpJWHwGMK64CZLjD-REQ8mEyRAUWvghyN2TSMZwOh9g2wUyvLZ8r7Z1_35Mfqk6jIwIL_cBd-V01pHtQCQAG5AsS5e6QagJKN0jZbhvopr0YjgOmZYnz_oxiKHax9foAKIBECDcwzPBKVnPDhA0mmZn3wvuW5WXdKmvGOpck62inVx6ntgUzN_O9eoVNszkfJ-GlDnMbkEkTthJ-2rxHA4Omzg8ovqKpU-kyPdzEQt99mGYI6cMTAZBQhIbuZAe3VWz4wxf6_bwGNBLBsSoAKMDd2gCvVDY8nvx_hlmo--uujNj8StLrYsdrUNdXJq7VCg2cgp0w_ZX7Nc0Gt2Rt0E-hoBGt_eYzQN8tl4Muprso17vcayAjg20Rt-6A0xGhK45GxHlFi5HZZOJmACwh7jsdsJDRwEIaShRO67_dZ9RfarJZAItIrYw8bVBqTtGhnNGMQOCwtupYl2T4G8fe1CwL54gz49ydXnk1ulqAR8qhs8cNWwTB65FhnaPqf5I8peJM4ClPqI1B0zROx_mNmGX3eFzMC8G_EiV4Z3kjnfbnvh87Ac
2015-06-11T22:49:43+00:00 DEBUG (7): 100000781 DPS Response: Purchase OK - create Invoice
2015-06-11T22:49:43+00:00 DEBUG (7): MageBaseDps failed with exception - see exception.log
2015-06-11T23:00:46+00:00 DEBUG (7): MageBaseDps successAction userid FineTouchDisposables
2015-06-11T23:00:46+00:00 DEBUG (7): MageBaseDps successAction result v5irBQpMycG5ht0ZjpJWHwGMK64CZLjD-REQ8mEyRAUWvghyN2TSMZwOh9g2wUyvLZ8r7Z1_35Mfqk6jIwIL_cBd-V01pHtQCQAG5AsS5e6QagJKN0jZbhvopr0YjgOmZYnz_oxiKHax9foAKIBECDcwzPBKVnPDhA0mmZn3wvuW5WXdKmvGOpck62inVx6ntgUzN_O9eoVNszkfJ-GlDnMbkEkTthJ-2rxHA4Omzg8ovqKpU-kyPdzEQt99mGYI6cMTAZBQhIbuZAe3VWz4wxf6_bwGNBLBsSoAKMDd2gCvVDY8nvx_hlmo--uujNj8StLrYsdrUNdXJq7VCg2cgp0w_ZX7Nc0Gt2Rt0E-hoBGt_eYzQN8tl4Muprso17vcayAjg20Rt-6A0xGhK45GxHlFi5HZZOJmACwh7jsdsJDRwEIaShRO67_dZ9RfarJZAItIrYw8bVBqTtGhnNGMQOCwtupYl2T4G8fe1CwL54gz49ydXnk1ulqAR8qhs8cNWwTB65FhnaPqf5I8peJM4ClPqI1B0zROx_mNmGX3eFzMC8G_EiV4Z3kjnfbnvh87Ac
2015-06-11T23:00:46+00:00 DEBUG (7): DPS result from url: v5irBQpMycG5ht0ZjpJWHwGMK64CZLjD-REQ8mEyRAUWvghyN2TSMZwOh9g2wUyvLZ8r7Z1_35Mfqk6jIwIL_cBd-V01pHtQCQAG5AsS5e6QagJKN0jZbhvopr0YjgOmZYnz_oxiKHax9foAKIBECDcwzPBKVnPDhA0mmZn3wvuW5WXdKmvGOpck62inVx6ntgUzN_O9eoVNszkfJ-GlDnMbkEkTthJ-2rxHA4Omzg8ovqKpU-kyPdzEQt99mGYI6cMTAZBQhIbuZAe3VWz4wxf6_bwGNBLBsSoAKMDd2gCvVDY8nvx_hlmo--uujNj8StLrYsdrUNdXJq7VCg2cgp0w_ZX7Nc0Gt2Rt0E-hoBGt_eYzQN8tl4Muprso17vcayAjg20Rt-6A0xGhK45GxHlFi5HZZOJmACwh7jsdsJDRwEIaShRO67_dZ9RfarJZAItIrYw8bVBqTtGhnNGMQOCwtupYl2T4G8fe1CwL54gz49ydXnk1ulqAR8qhs8cNWwTB65FhnaPqf5I8peJM4ClPqI1B0zROx_mNmGX3eFzMC8G_EiV4Z3kjnfbnvh87Ac
2015-06-11T23:00:46+00:00 DEBUG (7): 100000781 DPS Validation: Order already processed - current state (processing)
2015-06-16T03:09:42+00:00 DEBUG (7): MageBaseDps successAction userid FineTouchDisposables
2015-06-16T03:09:42+00:00 DEBUG (7): MageBaseDps successAction result v5irBQpMycG5ht0ZjpJWHwGMK64CZLjD-REQ8mEyRAUWvghyN2TSMZwOh9g2wUyvLZIGpgeHfnO43BV3Gs8yrkqCnpgXMewTwxivJh8c0coXZSAvEem_zwCOPoec23NQoo_3k5IdPDxiZK2ElG1qJT4YJaHyIPQhksT9Tgr6mcbhpsCouHqpjxrX6uJk3aFaQSsLxS54LQzkZ30nU-q5ueayOJE_MzbeYCXVbxjyJQab8xiTLvs5LO5X4GECZ8olyaCxcxarM6Vj0w75i_m2RwKZSmiDWcKDLEsqsixOzUWKGsff7ik42mUsk5CMM-PJNoTs5K-Lys0VCtCPSxeGHDyWA_jD4ac_KjK8LcU0Vw0BlZp0fM8oAfz5T75foo_e7RqhHnbjaP0QETeoxLSknqYW0gK79hLow0IksZUtY5CGeVmLvigwRzCHVnCRlwFUK160myeNeBJilLhAnWFzqJAGKljFSS0C1o91q0-4jwi8emkG85r4DQg6Vfl4fIZMUpcYTG41wEGeGRZfJ92TGVyOpYEWS_IllsIDnZk-khk99wcNYzSM0Myw==
2015-06-16T03:09:42+00:00 DEBUG (7): DPS result from url: v5irBQpMycG5ht0ZjpJWHwGMK64CZLjD-REQ8mEyRAUWvghyN2TSMZwOh9g2wUyvLZIGpgeHfnO43BV3Gs8yrkqCnpgXMewTwxivJh8c0coXZSAvEem_zwCOPoec23NQoo_3k5IdPDxiZK2ElG1qJT4YJaHyIPQhksT9Tgr6mcbhpsCouHqpjxrX6uJk3aFaQSsLxS54LQzkZ30nU-q5ueayOJE_MzbeYCXVbxjyJQab8xiTLvs5LO5X4GECZ8olyaCxcxarM6Vj0w75i_m2RwKZSmiDWcKDLEsqsixOzUWKGsff7ik42mUsk5CMM-PJNoTs5K-Lys0VCtCPSxeGHDyWA_jD4ac_KjK8LcU0Vw0BlZp0fM8oAfz5T75foo_e7RqhHnbjaP0QETeoxLSknqYW0gK79hLow0IksZUtY5CGeVmLvigwRzCHVnCRlwFUK160myeNeBJilLhAnWFzqJAGKljFSS0C1o91q0-4jwi8emkG85r4DQg6Vfl4fIZMUpcYTG41wEGeGRZfJ92TGVyOpYEWS_IllsIDnZk-khk99wcNYzSM0Myw==
2015-06-16T03:09:44+00:00 DEBUG (7): 100000783 DPS Response: Purchase OK - create Invoice
2015-06-16T03:09:48+00:00 DEBUG (7): MageBaseDps successAction userid FineTouchDisposables
2015-06-16T03:09:48+00:00 DEBUG (7): MageBaseDps successAction result v5irBQpMycG5ht0ZjpJWHwGMK64CZLjD-REQ8mEyRAUWvghyN2TSMZwOh9g2wUyvLZIGpgeHfnO43BV3Gs8yrkqCnpgXMewTwxivJh8c0coXZSAvEem_zwCOPoec23NQoo_3k5IdPDxiZK2ElG1qJT4YJaHyIPQhksT9Tgr6mcbhpsCouHqpjxrX6uJk3aFaQSsLxS54LQzkZ30nU-q5ueayOJE_MzbeYCXVbxjyJQab8xiTLvs5LO5X4GECZ8olyaCxcxarM6Vj0w75i_m2RwKZSmiDWcKDLEsqsixOzUWKGsff7ik42mUsk5CMM-PJNoTs5K-Lys0VCtCPSxeGHDyWA_jD4ac_KjK8LcU0Vw0BlZp0fM8oAfz5T75foo_e7RqhHnbjaP0QETeoxLSknqYW0gK79hLow0IksZUtY5CGeVmLvigwRzCHVnCRlwFUK160myeNeBJilLhAnWFzqJAGKljFSS0C1o91q0-4jwi8emkG85r4DQg6Vfl4fIZMUpcYTG41wEGeGRZfJ92TGVyOpYEWS_IllsIDnZk-khk99wcNYzSM0Myw==
2015-06-16T03:09:48+00:00 DEBUG (7): 100000783 MageBaseDps User returned to Success Url
2015-06-25T20:57:01+00:00 DEBUG (7): MageBaseDps successAction userid FineTouchDisposables
2015-06-25T20:57:02+00:00 DEBUG (7): MageBaseDps successAction result v5irBQpMycG5ht0ZjpJWHwGMK64CZLjD-REQ8mEyRAUWvghyN2TSMZwOh9g2wUyvLZjhWqyWMIrNJf5ns91yT5gvH_D9iYuwVKAG5AsS5e6QagJKN0jZbhvlOYVrajmx8f1neEHAfYKOV5HaD_Ckn8eoB-mx4fYbOFFDX70BAsUUrOz_bOXA4Vjri0RCVhwS_E7lZ_oDMKjd4NFjfJ2mhrylRRVno4iBypMsv5tUowc8DXtLLFQuE8NqUcSslYGoVJl8BM7Exm6q_DDosq3yYFKyFmw5azrsXF4JzRREkbkIkLn3696Z9a7zBz-edz0Rh2_8bXl-_0S742g_ivaS9byzdPs8HHJ0uFkuoKsXhTgvyGbT0C1M04NTqIqjr6e7w1EFIdjKDXlYn8K1ymbQ5ShqTmuTTBGzUYhPczhTeDmIwaZyZGde0dBoY15migGjnPW0Ci_WTgmnUx6zDvjbZqrqYuSYYyI-cbItUcfmGHIMlWmbbMfP3kLU-VPCZ3E98ETh6BiOAOIheYTkoLYBUzqxZS2C4uFeQjwcv5BYM50CV-BbYKtc4bhTFpff8kU9SM
2015-06-25T20:57:02+00:00 DEBUG (7): DPS result from url: v5irBQpMycG5ht0ZjpJWHwGMK64CZLjD-REQ8mEyRAUWvghyN2TSMZwOh9g2wUyvLZjhWqyWMIrNJf5ns91yT5gvH_D9iYuwVKAG5AsS5e6QagJKN0jZbhvlOYVrajmx8f1neEHAfYKOV5HaD_Ckn8eoB-mx4fYbOFFDX70BAsUUrOz_bOXA4Vjri0RCVhwS_E7lZ_oDMKjd4NFjfJ2mhrylRRVno4iBypMsv5tUowc8DXtLLFQuE8NqUcSslYGoVJl8BM7Exm6q_DDosq3yYFKyFmw5azrsXF4JzRREkbkIkLn3696Z9a7zBz-edz0Rh2_8bXl-_0S742g_ivaS9byzdPs8HHJ0uFkuoKsXhTgvyGbT0C1M04NTqIqjr6e7w1EFIdjKDXlYn8K1ymbQ5ShqTmuTTBGzUYhPczhTeDmIwaZyZGde0dBoY15migGjnPW0Ci_WTgmnUx6zDvjbZqrqYuSYYyI-cbItUcfmGHIMlWmbbMfP3kLU-VPCZ3E98ETh6BiOAOIheYTkoLYBUzqxZS2C4uFeQjwcv5BYM50CV-BbYKtc4bhTFpff8kU9SM
2015-06-25T20:57:02+00:00 DEBUG (7): 100000788 DPS Response: Purchase OK - create Invoice
2015-06-25T20:57:07+00:00 DEBUG (7): MageBaseDps successAction userid FineTouchDisposables
2015-06-25T20:57:07+00:00 DEBUG (7): MageBaseDps successAction result v5irBQpMycG5ht0ZjpJWHwGMK64CZLjD-REQ8mEyRAUWvghyN2TSMZwOh9g2wUyvLZjhWqyWMIrNJf5ns91yT5gvH_D9iYuwVKAG5AsS5e6QagJKN0jZbhvlOYVrajmx8f1neEHAfYKOV5HaD_Ckn8eoB-mx4fYbOFFDX70BAsUUrOz_bOXA4Vjri0RCVhwS_E7lZ_oDMKjd4NFjfJ2mhrylRRVno4iBypMsv5tUowc8DXtLLFQuE8NqUcSslYGoVJl8BM7Exm6q_DDosq3yYFKyFmw5azrsXF4JzRREkbkIkLn3696Z9a7zBz-edz0Rh2_8bXl-_0S742g_ivaS9byzdPs8HHJ0uFkuoKsXhTgvyGbT0C1M04NTqIqjr6e7w1EFIdjKDXlYn8K1ymbQ5ShqTmuTTBGzUYhPczhTeDmIwaZyZGde0dBoY15migGjnPW0Ci_WTgmnUx6zDvjbZqrqYuSYYyI-cbItUcfmGHIMlWmbbMfP3kLU-VPCZ3E98ETh6BiOAOIheYTkoLYBUzqxZS2C4uFeQjwcv5BYM50CV-BbYKtc4bhTFpff8kU9SM
2015-06-25T20:57:07+00:00 DEBUG (7): 100000788 MageBaseDps User returned to Success Url
2015-06-25T21:08:06+00:00 DEBUG (7): MageBaseDps successAction userid FineTouchDisposables
2015-06-25T21:08:06+00:00 DEBUG (7): MageBaseDps successAction result v5irBQpMycG5ht0ZjpJWHwGMK64CZLjD-REQ8mEyRAUWvghyN2TSMZwOh9g2wUyvLZjhWqyWMIrNJf5ns91yT5gvH_D9iYuwVKAG5AsS5e6QagJKN0jZbhvlOYVrajmx8f1neEHAfYKOV5HaD_Ckn8eoB-mx4fYbOFFDX70BAsUUrOz_bOXA4Vjri0RCVhwS_E7lZ_oDMKjd4NFjfJ2mhrylRRVno4iBypMsv5tUowc8DXtLLFQuE8NqUcSslYGoVJl8BM7Exm6q_DDosq3yYFKyFmw5azrsXF4JzRREkbkIkLn3696Z9a7zBz-edz0Rh2_8bXl-_0S742g_ivaS9byzdPs8HHJ0uFkuoKsXhTgvyGbT0C1M04NTqIqjr6e7w1EFIdjKDXlYn8K1ymbQ5ShqTmuTTBGzUYhPczhTeDmIwaZyZGde0dBoY15migGjnPW0Ci_WTgmnUx6zDvjbZqrqYuSYYyI-cbItUcfmGHIMlWmbbMfP3kLU-VPCZ3E98ETh6BiOAOIheYTkoLYBUzqxZS2C4uFeQjwcv5BYM50CV-BbYKtc4bhTFpff8kU9SM
2015-06-25T21:08:06+00:00 DEBUG (7): DPS result from url: v5irBQpMycG5ht0ZjpJWHwGMK64CZLjD-REQ8mEyRAUWvghyN2TSMZwOh9g2wUyvLZjhWqyWMIrNJf5ns91yT5gvH_D9iYuwVKAG5AsS5e6QagJKN0jZbhvlOYVrajmx8f1neEHAfYKOV5HaD_Ckn8eoB-mx4fYbOFFDX70BAsUUrOz_bOXA4Vjri0RCVhwS_E7lZ_oDMKjd4NFjfJ2mhrylRRVno4iBypMsv5tUowc8DXtLLFQuE8NqUcSslYGoVJl8BM7Exm6q_DDosq3yYFKyFmw5azrsXF4JzRREkbkIkLn3696Z9a7zBz-edz0Rh2_8bXl-_0S742g_ivaS9byzdPs8HHJ0uFkuoKsXhTgvyGbT0C1M04NTqIqjr6e7w1EFIdjKDXlYn8K1ymbQ5ShqTmuTTBGzUYhPczhTeDmIwaZyZGde0dBoY15migGjnPW0Ci_WTgmnUx6zDvjbZqrqYuSYYyI-cbItUcfmGHIMlWmbbMfP3kLU-VPCZ3E98ETh6BiOAOIheYTkoLYBUzqxZS2C4uFeQjwcv5BYM50CV-BbYKtc4bhTFpff8kU9SM
2015-06-25T21:08:06+00:00 DEBUG (7): 100000788 DPS Validation: Order already processed - current state (processing)
2015-06-30T20:48:16+00:00 DEBUG (7): MageBaseDps successAction userid FineTouchDisposables
2015-06-30T20:48:16+00:00 DEBUG (7): MageBaseDps successAction result v5irBQpMycG5ht0ZjpJWHwGMK64CZLjD-REQ8mEyRAUWvghyN2TSMZwOh9g2wUyvLZmzDdkHJHI9KV3dx8FU8sutOBi9hdRgV0AG5AsS5e6QagJKN0jZbhvhJWSSU6Eoj1nz_oxiKHax9foAKIBECDc6fnI_TW2MHS9eDQ4iKg8E4Wj3diDkp_no4_p9amK1DlUzN_O9eoVNu5kSyympY6uK-vg7e2lsrc6Xm7lpeXr5UkoyZSR1cWLMG0VCSRy77EaDrcBq4Sj9YlVy5hmZcF-B_bfJzO_lXsVrnLM11KmyxuYgvutw-_Br600o-w0Nhb4oweXCCzM1hc35xDZpn2SOr_1CEqnKWlzoIn5I90itwwFXMxPmX5snHQm_eziKXuSA9TvP3bTeMqNATTkNhYcjTsXp79RXmGVT14qFKbzADvKK1oW5vpwKZjMY7aI0VZ1j4sWzPl28eNmUMGoWCq76eP39yOcVuJ6dmi71v5-uIxMd7NyWVt0u8rO2CemAVWxnPo5ISBSsSXjBppHXSRs-KafMd0SSQ9j_BEGjbHHLJzs7OrU5UJRtQ98M4NSiK8
2015-06-30T20:48:16+00:00 DEBUG (7): DPS result from url: v5irBQpMycG5ht0ZjpJWHwGMK64CZLjD-REQ8mEyRAUWvghyN2TSMZwOh9g2wUyvLZmzDdkHJHI9KV3dx8FU8sutOBi9hdRgV0AG5AsS5e6QagJKN0jZbhvhJWSSU6Eoj1nz_oxiKHax9foAKIBECDc6fnI_TW2MHS9eDQ4iKg8E4Wj3diDkp_no4_p9amK1DlUzN_O9eoVNu5kSyympY6uK-vg7e2lsrc6Xm7lpeXr5UkoyZSR1cWLMG0VCSRy77EaDrcBq4Sj9YlVy5hmZcF-B_bfJzO_lXsVrnLM11KmyxuYgvutw-_Br600o-w0Nhb4oweXCCzM1hc35xDZpn2SOr_1CEqnKWlzoIn5I90itwwFXMxPmX5snHQm_eziKXuSA9TvP3bTeMqNATTkNhYcjTsXp79RXmGVT14qFKbzADvKK1oW5vpwKZjMY7aI0VZ1j4sWzPl28eNmUMGoWCq76eP39yOcVuJ6dmi71v5-uIxMd7NyWVt0u8rO2CemAVWxnPo5ISBSsSXjBppHXSRs-KafMd0SSQ9j_BEGjbHHLJzs7OrU5UJRtQ98M4NSiK8
2015-06-30T20:48:16+00:00 DEBUG (7): 100000790 DPS Response: Purchase OK - create Invoice
2015-06-30T20:48:20+00:00 DEBUG (7): MageBaseDps successAction userid FineTouchDisposables
2015-06-30T20:48:20+00:00 DEBUG (7): MageBaseDps successAction result v5irBQpMycG5ht0ZjpJWHwGMK64CZLjD-REQ8mEyRAUWvghyN2TSMZwOh9g2wUyvLZmzDdkHJHI9KV3dx8FU8sutOBi9hdRgV0AG5AsS5e6QagJKN0jZbhvhJWSSU6Eoj1nz_oxiKHax9foAKIBECDc6fnI_TW2MHS9eDQ4iKg8E4Wj3diDkp_no4_p9amK1DlUzN_O9eoVNu5kSyympY6uK-vg7e2lsrc6Xm7lpeXr5UkoyZSR1cWLMG0VCSRy77EaDrcBq4Sj9YlVy5hmZcF-B_bfJzO_lXsVrnLM11KmyxuYgvutw-_Br600o-w0Nhb4oweXCCzM1hc35xDZpn2SOr_1CEqnKWlzoIn5I90itwwFXMxPmX5snHQm_eziKXuSA9TvP3bTeMqNATTkNhYcjTsXp79RXmGVT14qFKbzADvKK1oW5vpwKZjMY7aI0VZ1j4sWzPl28eNmUMGoWCq76eP39yOcVuJ6dmi71v5-uIxMd7NyWVt0u8rO2CemAVWxnPo5ISBSsSXjBppHXSRs-KafMd0SSQ9j_BEGjbHHLJzs7OrU5UJRtQ98M4NSiK8
2015-06-30T20:48:20+00:00 DEBUG (7): 100000790 MageBaseDps User returned to Success Url
2015-07-01T00:41:12+00:00 DEBUG (7): MageBaseDps successAction userid FineTouchDisposables
2015-07-01T00:41:12+00:00 DEBUG (7): MageBaseDps successAction result v5irBQpMycG5ht0ZjpJWHwGMK64CZLjD-REQ8mEyRAUWvghyN2TSMZwOh9g2wUyvLZ6FQQ-jOQjVPBV3Gs8yrkqCnpgXMewTwxivJh8c0coXZSAvEem_zwCNc4O5Wl4jkL_3k5IdPDxiZK2ElG1qJT4Td8u14UmOab9Wtzulqdr2keuGx8cuslCSutD7Qs73CnZnT1v6Lnf5EJJN9VK46A1ul5u5aXl6-VJKMmUkdXFizBtFQkkcu-xGg63AauEo_WJVcuYZmXBfgf23yczv5V7Fa5yzNdSpssbmIL7rcPvwa-tNKPsNDYW08caNN5eCUnXN-cQ2aZ9kixtmaTNrTX54I8FgN5Ycx6l9pENdPePYUXXgwGnKp-7s6HitUpl4DXUKb5_n6ojmGk5rk0wRs1GNj_1PQ89SLTGmcmRnXtHQbiiGSh8dCmxDykh5zgchd_Mesw7422aq4bJF8grmCAVYf5mrmJFsfPVpm2zHz95C3jDos0byUDe04egYjgDiIXmE5KC2AVM6sWUtguLhXkI8HL-QWDOdAlLZCFpcEYSMV8XK42vuqMug==
2015-07-01T00:41:12+00:00 DEBUG (7): DPS result from url: v5irBQpMycG5ht0ZjpJWHwGMK64CZLjD-REQ8mEyRAUWvghyN2TSMZwOh9g2wUyvLZ6FQQ-jOQjVPBV3Gs8yrkqCnpgXMewTwxivJh8c0coXZSAvEem_zwCNc4O5Wl4jkL_3k5IdPDxiZK2ElG1qJT4Td8u14UmOab9Wtzulqdr2keuGx8cuslCSutD7Qs73CnZnT1v6Lnf5EJJN9VK46A1ul5u5aXl6-VJKMmUkdXFizBtFQkkcu-xGg63AauEo_WJVcuYZmXBfgf23yczv5V7Fa5yzNdSpssbmIL7rcPvwa-tNKPsNDYW08caNN5eCUnXN-cQ2aZ9kixtmaTNrTX54I8FgN5Ycx6l9pENdPePYUXXgwGnKp-7s6HitUpl4DXUKb5_n6ojmGk5rk0wRs1GNj_1PQ89SLTGmcmRnXtHQbiiGSh8dCmxDykh5zgchd_Mesw7422aq4bJF8grmCAVYf5mrmJFsfPVpm2zHz95C3jDos0byUDe04egYjgDiIXmE5KC2AVM6sWUtguLhXkI8HL-QWDOdAlLZCFpcEYSMV8XK42vuqMug==
2015-07-01T00:41:12+00:00 DEBUG (7): 100000791 DPS Response: Purchase OK - create Invoice
2015-07-01T00:41:13+00:00 DEBUG (7): MageBaseDps successAction userid FineTouchDisposables
2015-07-01T00:41:13+00:00 DEBUG (7): MageBaseDps successAction result v5irBQpMycG5ht0ZjpJWHwGMK64CZLjD-REQ8mEyRAUWvghyN2TSMZwOh9g2wUyvLZ6FQQ-jOQjVPBV3Gs8yrkqCnpgXMewTwxivJh8c0coXZSAvEem_zwCNc4O5Wl4jkL_3k5IdPDxiZK2ElG1qJT4Td8u14UmOab9Wtzulqdr2keuGx8cuslCSutD7Qs73CnZnT1v6Lnf5EJJN9VK46A1ul5u5aXl6-VJKMmUkdXFizBtFQkkcu-xGg63AauEo_WJVcuYZmXBfgf23yczv5V7Fa5yzNdSpssbmIL7rcPvwa-tNKPsNDYW08caNN5eCUnXN-cQ2aZ9kixtmaTNrTX54I8FgN5Ycx6l9pENdPePYUXXgwGnKp-7s6HitUpl4DXUKb5_n6ojmGk5rk0wRs1GNj_1PQ89SLTGmcmRnXtHQbiiGSh8dCmxDykh5zgchd_Mesw7422aq4bJF8grmCAVYf5mrmJFsfPVpm2zHz95C3jDos0byUDe04egYjgDiIXmE5KC2AVM6sWUtguLhXkI8HL-QWDOdAlLZCFpcEYSMV8XK42vuqMug==
2015-07-01T00:41:13+00:00 DEBUG (7): 100000791 MageBaseDps User returned to Success Url
2015-07-08T05:05:35+00:00 DEBUG (7): MageBaseDps successAction userid FineTouchDisposables
2015-07-08T05:05:35+00:00 DEBUG (7): MageBaseDps successAction result v5irBQpMycG5ht0ZjpJWHwGMK64CZLjD-REQ8mEyRAUWvghyN2TSMZwOh9g2wUyvLZlO_DdHIKN3ILMaESkmS_4mCiGzDzSl7VAG5AsS5e6QagJKN0jZbhvljizrRPWn1dnz_oxiKHax9foAKIBECDcwzPBKVnPDhAxxWTKowl4MOM5Y3g-qLC9o4_p9amK1DlXViHY2PJ7v-FYDDelgzZlDAfb2L2wcK4VFFWejiIHKkyy_m1SjBzwNe0ssVC4Tw2pRxKyVgahUmXwEzsTGbqr8MOiyrfJgUrIWbDlrOuxcXgnNFESRuQiQuffr3pn1rvMHP553PRGHYCVpCb-YamoM8zySJDOuqyejwIUrJyO1NT1rcJIuXV1GKE2ebowjdTEX8Wlet7rP8m0_S1JylI8yDIylVJ5VPoE3qMS0pJ6mF_PhZ-h9jynCJLGVLWOQhns04VpBPRU-4QbT6dFuUZNOtJsnjXgSYpEQ7WN3mjCkuBknQe4k5qTfdatPuI8IvHK9RsbIY0q8alX5eHyGTFKXGExuNcBBnhkWXyfdkxlcjqWBFkvyJZbCI6iIv9lg0bXL-nVVaqGTg=
2015-07-08T05:05:35+00:00 DEBUG (7): DPS result from url: v5irBQpMycG5ht0ZjpJWHwGMK64CZLjD-REQ8mEyRAUWvghyN2TSMZwOh9g2wUyvLZlO_DdHIKN3ILMaESkmS_4mCiGzDzSl7VAG5AsS5e6QagJKN0jZbhvljizrRPWn1dnz_oxiKHax9foAKIBECDcwzPBKVnPDhAxxWTKowl4MOM5Y3g-qLC9o4_p9amK1DlXViHY2PJ7v-FYDDelgzZlDAfb2L2wcK4VFFWejiIHKkyy_m1SjBzwNe0ssVC4Tw2pRxKyVgahUmXwEzsTGbqr8MOiyrfJgUrIWbDlrOuxcXgnNFESRuQiQuffr3pn1rvMHP553PRGHYCVpCb-YamoM8zySJDOuqyejwIUrJyO1NT1rcJIuXV1GKE2ebowjdTEX8Wlet7rP8m0_S1JylI8yDIylVJ5VPoE3qMS0pJ6mF_PhZ-h9jynCJLGVLWOQhns04VpBPRU-4QbT6dFuUZNOtJsnjXgSYpEQ7WN3mjCkuBknQe4k5qTfdatPuI8IvHK9RsbIY0q8alX5eHyGTFKXGExuNcBBnhkWXyfdkxlcjqWBFkvyJZbCI6iIv9lg0bXL-nVVaqGTg=
2015-07-08T05:05:35+00:00 DEBUG (7): 100000793 DPS Response: Purchase OK - create Invoice
2015-07-08T05:06:01+00:00 DEBUG (7): MageBaseDps successAction userid FineTouchDisposables
2015-07-08T05:06:01+00:00 DEBUG (7): MageBaseDps successAction result v5irBQpMycG5ht0ZjpJWHwGMK64CZLjD-REQ8mEyRAUWvghyN2TSMZwOh9g2wUyvLZlO_DdHIKN3ILMaESkmS_4mCiGzDzSl7VAG5AsS5e6QagJKN0jZbhvljizrRPWn1dnz_oxiKHax9foAKIBECDcwzPBKVnPDhAxxWTKowl4MOM5Y3g-qLC9o4_p9amK1DlXViHY2PJ7v-FYDDelgzZlDAfb2L2wcK4VFFWejiIHKkyy_m1SjBzwNe0ssVC4Tw2pRxKyVgahUmXwEzsTGbqr8MOiyrfJgUrIWbDlrOuxcXgnNFESRuQiQuffr3pn1rvMHP553PRGHYCVpCb-YamoM8zySJDOuqyejwIUrJyO1NT1rcJIuXV1GKE2ebowjdTEX8Wlet7rP8m0_S1JylI8yDIylVJ5VPoE3qMS0pJ6mF_PhZ-h9jynCJLGVLWOQhns04VpBPRU-4QbT6dFuUZNOtJsnjXgSYpEQ7WN3mjCkuBknQe4k5qTfdatPuI8IvHK9RsbIY0q8alX5eHyGTFKXGExuNcBBnhkWXyfdkxlcjqWBFkvyJZbCI6iIv9lg0bXL-nVVaqGTg=
2015-07-08T05:06:01+00:00 DEBUG (7): 100000793 MageBaseDps User returned to Success Url
2015-07-08T05:16:41+00:00 DEBUG (7): MageBaseDps successAction userid FineTouchDisposables
2015-07-08T05:16:41+00:00 DEBUG (7): MageBaseDps successAction result v5irBQpMycG5ht0ZjpJWHwGMK64CZLjD-REQ8mEyRAUWvghyN2TSMZwOh9g2wUyvLZlO_DdHIKN3ILMaESkmS_4mCiGzDzSl7VAG5AsS5e6QagJKN0jZbhvljizrRPWn1dnz_oxiKHax9foAKIBECDcwzPBKVnPDhAxxWTKowl4MOM5Y3g-qLC9o4_p9amK1DlXViHY2PJ7v-FYDDelgzZlDAfb2L2wcK4VFFWejiIHKkyy_m1SjBzwNe0ssVC4Tw2pRxKyVgahUmXwEzsTGbqr8MOiyrfJgUrIWbDlrOuxcXgnNFESRuQiQuffr3pn1rvMHP553PRGHYCVpCb-YamoM8zySJDOuqyejwIUrJyO1NT1rcJIuXV1GKE2ebowjdTEX8Wlet7rP8m0_S1JylI8yDIylVJ5VPoE3qMS0pJ6mF_PhZ-h9jynCJLGVLWOQhns04VpBPRU-4QbT6dFuUZNOtJsnjXgSYpEQ7WN3mjCkuBknQe4k5qTfdatPuI8IvHK9RsbIY0q8alX5eHyGTFKXGExuNcBBnhkWXyfdkxlcjqWBFkvyJZbCI6iIv9lg0bXL-nVVaqGTg=
2015-07-08T05:16:41+00:00 DEBUG (7): DPS result from url: v5irBQpMycG5ht0ZjpJWHwGMK64CZLjD-REQ8mEyRAUWvghyN2TSMZwOh9g2wUyvLZlO_DdHIKN3ILMaESkmS_4mCiGzDzSl7VAG5AsS5e6QagJKN0jZbhvljizrRPWn1dnz_oxiKHax9foAKIBECDcwzPBKVnPDhAxxWTKowl4MOM5Y3g-qLC9o4_p9amK1DlXViHY2PJ7v-FYDDelgzZlDAfb2L2wcK4VFFWejiIHKkyy_m1SjBzwNe0ssVC4Tw2pRxKyVgahUmXwEzsTGbqr8MOiyrfJgUrIWbDlrOuxcXgnNFESRuQiQuffr3pn1rvMHP553PRGHYCVpCb-YamoM8zySJDOuqyejwIUrJyO1NT1rcJIuXV1GKE2ebowjdTEX8Wlet7rP8m0_S1JylI8yDIylVJ5VPoE3qMS0pJ6mF_PhZ-h9jynCJLGVLWOQhns04VpBPRU-4QbT6dFuUZNOtJsnjXgSYpEQ7WN3mjCkuBknQe4k5qTfdatPuI8IvHK9RsbIY0q8alX5eHyGTFKXGExuNcBBnhkWXyfdkxlcjqWBFkvyJZbCI6iIv9lg0bXL-nVVaqGTg=
2015-07-08T05:16:41+00:00 DEBUG (7): 100000793 DPS Validation: Order already processed - current state (processing)
2015-07-09T07:04:33+00:00 DEBUG (7): MageBaseDps successAction userid FineTouchDisposables
2015-07-09T07:04:33+00:00 DEBUG (7): MageBaseDps successAction result v5irBQpMycG5ht0ZjpJWHwGMK64CZLjD-REQ8mEyRAUWvghyN2TSMZwOh9g2wUyvLZM4KrSWeI08KV3dx8FU8sup4nWX_lWQT7AG5AsS5e6QagJKN0jZbhvvtDihomgrNp1neEHAfYKOV5HaD_Ckn8eq1ISbh4oytipw255fh4HOjOz_bOXA4VjgzNBO-RNI9QM4U2nosiUWaswZtOwVXMRyOJE_MzbeYCXVbxjyJQab8xiTLvs5LO5X4GECZ8olyaCxcxarM6Vj0w75i_m2RwKZSmiDWcKDLEsqsixOzUWKGsff7ik42mUsk5CMM-PJNosbVX7X7M2uqCBhxkBJACJ34_QeXB_wFeBcPmViQ_hQrgPVqzWuVQ7G3OgcPk5Vw7MRoSuORsR5RYuR2WTiZgAnKnwTsu70oUGbNBKZpPl_ut56rFajZUMKigOFYVTt_r7RoZzRjEDgudawWZJpzyzKYhk-JymVUlU_j2vPPCwKGshJk6JgUitUweuRYZ2j6n-SPKXiTOApT6iNQdM0Tsf5jZhl93hczA-MPf4syPS9HODgbUS1kKYg==
2015-07-09T07:04:33+00:00 DEBUG (7): DPS result from url: v5irBQpMycG5ht0ZjpJWHwGMK64CZLjD-REQ8mEyRAUWvghyN2TSMZwOh9g2wUyvLZM4KrSWeI08KV3dx8FU8sup4nWX_lWQT7AG5AsS5e6QagJKN0jZbhvvtDihomgrNp1neEHAfYKOV5HaD_Ckn8eq1ISbh4oytipw255fh4HOjOz_bOXA4VjgzNBO-RNI9QM4U2nosiUWaswZtOwVXMRyOJE_MzbeYCXVbxjyJQab8xiTLvs5LO5X4GECZ8olyaCxcxarM6Vj0w75i_m2RwKZSmiDWcKDLEsqsixOzUWKGsff7ik42mUsk5CMM-PJNosbVX7X7M2uqCBhxkBJACJ34_QeXB_wFeBcPmViQ_hQrgPVqzWuVQ7G3OgcPk5Vw7MRoSuORsR5RYuR2WTiZgAnKnwTsu70oUGbNBKZpPl_ut56rFajZUMKigOFYVTt_r7RoZzRjEDgudawWZJpzyzKYhk-JymVUlU_j2vPPCwKGshJk6JgUitUweuRYZ2j6n-SPKXiTOApT6iNQdM0Tsf5jZhl93hczA-MPf4syPS9HODgbUS1kKYg==
2015-07-09T07:04:33+00:00 DEBUG (7): 100000794 DPS Response: Purchase OK - create Invoice
2015-07-09T07:04:41+00:00 DEBUG (7): MageBaseDps successAction userid FineTouchDisposables
2015-07-09T07:04:41+00:00 DEBUG (7): MageBaseDps successAction result v5irBQpMycG5ht0ZjpJWHwGMK64CZLjD-REQ8mEyRAUWvghyN2TSMZwOh9g2wUyvLZM4KrSWeI08KV3dx8FU8sup4nWX_lWQT7AG5AsS5e6QagJKN0jZbhvvtDihomgrNp1neEHAfYKOV5HaD_Ckn8eq1ISbh4oytipw255fh4HOjOz_bOXA4VjgzNBO-RNI9QM4U2nosiUWaswZtOwVXMRyOJE_MzbeYCXVbxjyJQab8xiTLvs5LO5X4GECZ8olyaCxcxarM6Vj0w75i_m2RwKZSmiDWcKDLEsqsixOzUWKGsff7ik42mUsk5CMM-PJNosbVX7X7M2uqCBhxkBJACJ34_QeXB_wFeBcPmViQ_hQrgPVqzWuVQ7G3OgcPk5Vw7MRoSuORsR5RYuR2WTiZgAnKnwTsu70oUGbNBKZpPl_ut56rFajZUMKigOFYVTt_r7RoZzRjEDgudawWZJpzyzKYhk-JymVUlU_j2vPPCwKGshJk6JgUitUweuRYZ2j6n-SPKXiTOApT6iNQdM0Tsf5jZhl93hczA-MPf4syPS9HODgbUS1kKYg==
2015-07-09T07:04:41+00:00 DEBUG (7): 100000794 MageBaseDps User returned to Success Url
2015-07-15T08:30:57+00:00 DEBUG (7): MageBaseDps successAction userid FineTouchDisposables
2015-07-15T08:30:57+00:00 DEBUG (7): MageBaseDps successAction result v5irBQpMycG5ht0ZjpJWHwGMK64CZLjD-REQ8mEyRAUWvghyN2TSMZwOh9g2wUyvLZ7n9KWsmQD5gbgYC_w-BdM0IZJKCt9CrzivJh8c0coXZSAvEem_zwCHrh_ENcdX4j_3k5IdPDxiZK2ElG1qJT4bBv0Y31uSr4EllbULVBmK_0w2ZGBK7Ey1jv7MTqAkZJ9YUx7smYL7MMM9BOm5F1A1RRVno4iBypMsv5tUowc8DXtLLFQuE8NqUcSslYGoVJl8BM7Exm6q_DDosq3yYFKyFmw5azrsXF4JzRREkbkIkLn3696Z9a7zBz-edz0Rh2_pJIaIl-HI2kBEO9dhOE8rdg96X2t8KUPwz3BJcgncpTHlj9-BAuzCo0BNOQ2FhyNOxenv1FeYakPSL8BNAixQZb0vGWYVaLpM-uCUZxOAya101eI48zmQSvox1p3ulmbnit1WQjrnssNUebIh0tuDEx3s3JZW3SN0z1XMGmyhbGc-jkhIFKxJeMGmkddJGz4pp8x3RJJD2P8EQaNsccsv7bqLFccQJVWS2w35QWEjM=
2015-07-15T08:30:57+00:00 DEBUG (7): 100000796 MageBaseDps User returned to Success Url
2015-07-15T08:30:57+00:00 DEBUG (7): MageBaseDps successAction userid FineTouchDisposables
2015-07-15T08:30:57+00:00 DEBUG (7): MageBaseDps successAction result v5irBQpMycG5ht0ZjpJWHwGMK64CZLjD-REQ8mEyRAUWvghyN2TSMZwOh9g2wUyvLZ7n9KWsmQD5gbgYC_w-BdM0IZJKCt9CrzivJh8c0coXZSAvEem_zwCHrh_ENcdX4j_3k5IdPDxiZK2ElG1qJT4bBv0Y31uSr4EllbULVBmK_0w2ZGBK7Ey1jv7MTqAkZJ9YUx7smYL7MMM9BOm5F1A1RRVno4iBypMsv5tUowc8DXtLLFQuE8NqUcSslYGoVJl8BM7Exm6q_DDosq3yYFKyFmw5azrsXF4JzRREkbkIkLn3696Z9a7zBz-edz0Rh2_pJIaIl-HI2kBEO9dhOE8rdg96X2t8KUPwz3BJcgncpTHlj9-BAuzCo0BNOQ2FhyNOxenv1FeYakPSL8BNAixQZb0vGWYVaLpM-uCUZxOAya101eI48zmQSvox1p3ulmbnit1WQjrnssNUebIh0tuDEx3s3JZW3SN0z1XMGmyhbGc-jkhIFKxJeMGmkddJGz4pp8x3RJJD2P8EQaNsccsv7bqLFccQJVWS2w35QWEjM=
2015-07-15T08:30:57+00:00 DEBUG (7): DPS result from url: v5irBQpMycG5ht0ZjpJWHwGMK64CZLjD-REQ8mEyRAUWvghyN2TSMZwOh9g2wUyvLZ7n9KWsmQD5gbgYC_w-BdM0IZJKCt9CrzivJh8c0coXZSAvEem_zwCHrh_ENcdX4j_3k5IdPDxiZK2ElG1qJT4bBv0Y31uSr4EllbULVBmK_0w2ZGBK7Ey1jv7MTqAkZJ9YUx7smYL7MMM9BOm5F1A1RRVno4iBypMsv5tUowc8DXtLLFQuE8NqUcSslYGoVJl8BM7Exm6q_DDosq3yYFKyFmw5azrsXF4JzRREkbkIkLn3696Z9a7zBz-edz0Rh2_pJIaIl-HI2kBEO9dhOE8rdg96X2t8KUPwz3BJcgncpTHlj9-BAuzCo0BNOQ2FhyNOxenv1FeYakPSL8BNAixQZb0vGWYVaLpM-uCUZxOAya101eI48zmQSvox1p3ulmbnit1WQjrnssNUebIh0tuDEx3s3JZW3SN0z1XMGmyhbGc-jkhIFKxJeMGmkddJGz4pp8x3RJJD2P8EQaNsccsv7bqLFccQJVWS2w35QWEjM=
2015-07-15T08:30:59+00:00 DEBUG (7): 100000796 DPS Response: Purchase OK - create Invoice
2015-07-15T08:42:05+00:00 DEBUG (7): MageBaseDps successAction userid FineTouchDisposables
2015-07-15T08:42:05+00:00 DEBUG (7): MageBaseDps successAction result v5irBQpMycG5ht0ZjpJWHwGMK64CZLjD-REQ8mEyRAUWvghyN2TSMZwOh9g2wUyvLZ7n9KWsmQD5gbgYC_w-BdM0IZJKCt9CrzivJh8c0coXZSAvEem_zwCHrh_ENcdX4j_3k5IdPDxiZK2ElG1qJT4bBv0Y31uSr4EllbULVBmK_0w2ZGBK7Ey1jv7MTqAkZJ9YUx7smYL7MMM9BOm5F1A1RRVno4iBypMsv5tUowc8DXtLLFQuE8NqUcSslYGoVJl8BM7Exm6q_DDosq3yYFKyFmw5azrsXF4JzRREkbkIkLn3696Z9a7zBz-edz0Rh2_pJIaIl-HI2kBEO9dhOE8rdg96X2t8KUPwz3BJcgncpTHlj9-BAuzCo0BNOQ2FhyNOxenv1FeYakPSL8BNAixQZb0vGWYVaLpM-uCUZxOAya101eI48zmQSvox1p3ulmbnit1WQjrnssNUebIh0tuDEx3s3JZW3SN0z1XMGmyhbGc-jkhIFKxJeMGmkddJGz4pp8x3RJJD2P8EQaNsccsv7bqLFccQJVWS2w35QWEjM=
2015-07-15T08:42:05+00:00 DEBUG (7): DPS result from url: v5irBQpMycG5ht0ZjpJWHwGMK64CZLjD-REQ8mEyRAUWvghyN2TSMZwOh9g2wUyvLZ7n9KWsmQD5gbgYC_w-BdM0IZJKCt9CrzivJh8c0coXZSAvEem_zwCHrh_ENcdX4j_3k5IdPDxiZK2ElG1qJT4bBv0Y31uSr4EllbULVBmK_0w2ZGBK7Ey1jv7MTqAkZJ9YUx7smYL7MMM9BOm5F1A1RRVno4iBypMsv5tUowc8DXtLLFQuE8NqUcSslYGoVJl8BM7Exm6q_DDosq3yYFKyFmw5azrsXF4JzRREkbkIkLn3696Z9a7zBz-edz0Rh2_pJIaIl-HI2kBEO9dhOE8rdg96X2t8KUPwz3BJcgncpTHlj9-BAuzCo0BNOQ2FhyNOxenv1FeYakPSL8BNAixQZb0vGWYVaLpM-uCUZxOAya101eI48zmQSvox1p3ulmbnit1WQjrnssNUebIh0tuDEx3s3JZW3SN0z1XMGmyhbGc-jkhIFKxJeMGmkddJGz4pp8x3RJJD2P8EQaNsccsv7bqLFccQJVWS2w35QWEjM=
2015-07-15T08:42:06+00:00 DEBUG (7): 100000796 DPS Validation: Order already processed - current state (processing)
2015-07-21T23:07:03+00:00 DEBUG (7): MageBaseDps successAction userid FineTouchDisposables
2015-07-21T23:07:03+00:00 DEBUG (7): MageBaseDps successAction result v5irBQpMycG5ht0ZjpJWHwGMK64CZLjD-REQ8mEyRAUWvghyN2TSMZwOh9g2wUyvLZSGKGC_g3AA9yupbAOIE9rkeYMSFBssQIivJh8c0coXZSAvEem_zwCKuxY8yjzmCo_3k5IdPDxiZK2ElG1qJT4R0L_3k3szE3uvHhw5zobhRsCouHqpjxrSutD7Qs73CnoSlSXnuK5RcjWZBuh8sHNVRRVno4iBypMsv5tUowc8DXtLLFQuE8NqUcSslYGoVJl8BM7Exm6q_DDosq3yYFKyFmw5azrsXF4JzRREkbkIkLn3696Z9a7zBz-edz0Rh2JFHWR_UafXHEKrL3hOAOwH6qWvISfhU6G7Zdzwvmg09YpbU5DAMC6e1yvQLkKIOrNOxenv1FeYbEt7nT-BX0TLdHhOevUMl2GR-NrfOYUCWwqFg2rM5_-SykheqA7botbnit1WQjrntxtFC3HsmjBDEx3s3JZW3SiUpa0DLNmaTGc-jkhIFKxJeMGmkddJGz4pp8x3RJJD2P8EQaNsccsoj-XMkUQ1SAP9Gz8279_iU=
2015-07-21T23:07:03+00:00 DEBUG (7): DPS result from url: v5irBQpMycG5ht0ZjpJWHwGMK64CZLjD-REQ8mEyRAUWvghyN2TSMZwOh9g2wUyvLZSGKGC_g3AA9yupbAOIE9rkeYMSFBssQIivJh8c0coXZSAvEem_zwCKuxY8yjzmCo_3k5IdPDxiZK2ElG1qJT4R0L_3k3szE3uvHhw5zobhRsCouHqpjxrSutD7Qs73CnoSlSXnuK5RcjWZBuh8sHNVRRVno4iBypMsv5tUowc8DXtLLFQuE8NqUcSslYGoVJl8BM7Exm6q_DDosq3yYFKyFmw5azrsXF4JzRREkbkIkLn3696Z9a7zBz-edz0Rh2JFHWR_UafXHEKrL3hOAOwH6qWvISfhU6G7Zdzwvmg09YpbU5DAMC6e1yvQLkKIOrNOxenv1FeYbEt7nT-BX0TLdHhOevUMl2GR-NrfOYUCWwqFg2rM5_-SykheqA7botbnit1WQjrntxtFC3HsmjBDEx3s3JZW3SiUpa0DLNmaTGc-jkhIFKxJeMGmkddJGz4pp8x3RJJD2P8EQaNsccsoj-XMkUQ1SAP9Gz8279_iU=
2015-07-21T23:07:03+00:00 DEBUG (7): 100000797 DPS Response: Purchase OK - create Invoice
2015-07-22T19:47:07+00:00 DEBUG (7): MageBaseDps successAction userid FineTouchDisposables
2015-07-22T19:47:07+00:00 DEBUG (7): MageBaseDps successAction result v5irBQpMycG5ht0ZjpJWHwGMK64CZLjD-REQ8mEyRAUWvghyN2TSMZwOh9g2wUyvLZl79TMWdrmu-WTQSGeQwC3lpUMyDi5NaOivJh8c0coXZSAvEem_zwCD2edNBB12Vr_3k5IdPDxiZK2ElG1qJT4TAoxO3LxboJU9yTmbHcuYmaHwdQtAAG_yutD7Qs73CnHpApYSOKtPSvPp_BKjsEQ1RRVno4iBypMsv5tUowc8DXtLLFQuE8NqUcSslYGoVJl8BM7Exm6q_DDosq3yYFKyFmw5azrsXF4JzRREkbkIkLn3696Z9a7zBz-edz0Rh24c-HPyteXCfzzbZ9RTLU4kkH9ICnMmb571HUrdXuRoj5XFJCH1DUs9xc22rXnh6kekYubnca_g4gyMpVSeVT6BN6jEtKSephh8sn4225qmmz2QiIlbpzwKzSkBOmFS1hkuqkYrgh4onrSbJ414EmKfRqMXbzQYzCKi7Wp-dDuaL3WrT7iPCLx3a6i8eJCJdypV-Xh8hkxSlxhMbjXAQZ4ZFl8n3ZMZXI6lgRZL8iWWzQEedQFTg9v_PherCxNfj9
2015-07-22T19:47:07+00:00 DEBUG (7): DPS result from url: v5irBQpMycG5ht0ZjpJWHwGMK64CZLjD-REQ8mEyRAUWvghyN2TSMZwOh9g2wUyvLZl79TMWdrmu-WTQSGeQwC3lpUMyDi5NaOivJh8c0coXZSAvEem_zwCD2edNBB12Vr_3k5IdPDxiZK2ElG1qJT4TAoxO3LxboJU9yTmbHcuYmaHwdQtAAG_yutD7Qs73CnHpApYSOKtPSvPp_BKjsEQ1RRVno4iBypMsv5tUowc8DXtLLFQuE8NqUcSslYGoVJl8BM7Exm6q_DDosq3yYFKyFmw5azrsXF4JzRREkbkIkLn3696Z9a7zBz-edz0Rh24c-HPyteXCfzzbZ9RTLU4kkH9ICnMmb571HUrdXuRoj5XFJCH1DUs9xc22rXnh6kekYubnca_g4gyMpVSeVT6BN6jEtKSephh8sn4225qmmz2QiIlbpzwKzSkBOmFS1hkuqkYrgh4onrSbJ414EmKfRqMXbzQYzCKi7Wp-dDuaL3WrT7iPCLx3a6i8eJCJdypV-Xh8hkxSlxhMbjXAQZ4ZFl8n3ZMZXI6lgRZL8iWWzQEedQFTg9v_PherCxNfj9
2015-07-22T19:47:08+00:00 DEBUG (7): 100000798 DPS Response: Purchase OK - create Invoice
2015-07-22T19:47:29+00:00 DEBUG (7): MageBaseDps successAction userid FineTouchDisposables
2015-07-22T19:47:29+00:00 DEBUG (7): MageBaseDps successAction result v5irBQpMycG5ht0ZjpJWHwGMK64CZLjD-REQ8mEyRAUWvghyN2TSMZwOh9g2wUyvLZl79TMWdrmu-WTQSGeQwC3lpUMyDi5NaOivJh8c0coXZSAvEem_zwCD2edNBB12Vr_3k5IdPDxiZK2ElG1qJT4TAoxO3LxboJU9yTmbHcuYmaHwdQtAAG_yutD7Qs73CnHpApYSOKtPSvPp_BKjsEQ1RRVno4iBypMsv5tUowc8DXtLLFQuE8NqUcSslYGoVJl8BM7Exm6q_DDosq3yYFKyFmw5azrsXF4JzRREkbkIkLn3696Z9a7zBz-edz0Rh24c-HPyteXCfzzbZ9RTLU4kkH9ICnMmb571HUrdXuRoj5XFJCH1DUs9xc22rXnh6kekYubnca_g4gyMpVSeVT6BN6jEtKSephh8sn4225qmmz2QiIlbpzwKzSkBOmFS1hkuqkYrgh4onrSbJ414EmKfRqMXbzQYzCKi7Wp-dDuaL3WrT7iPCLx3a6i8eJCJdypV-Xh8hkxSlxhMbjXAQZ4ZFl8n3ZMZXI6lgRZL8iWWzQEedQFTg9v_PherCxNfj9
2015-07-22T19:47:29+00:00 DEBUG (7): 100000798 MageBaseDps User returned to Success Url
2015-07-23T00:41:33+00:00 DEBUG (7): MageBaseDps successAction userid FineTouchDisposables
2015-07-23T00:41:33+00:00 DEBUG (7): MageBaseDps successAction result v5irBQpMycG5ht0ZjpJWHwGMK64CZLjD-REQ8mEyRAUWvghyN2TSMZwOh9g2wUyvLZgcjkhaRslvqV3dx8FU8susVrOfUZJgj_AG5AsS5e6QagJKN0jZbhvndxGfBzqv_H1neEHAfYKOV5HaD_Ckn8eogAINgJC9WEl4Ax40SnEqR820e0GdhAe2ySnaGWIx4mnkx6pCR2eu3xJyKDlshcO1RRVno4iBypMsv5tUowc8DXtLLFQuE8NqUcSslYGoVJl8BM7Exm6q_DDosq3yYFKyFmw5azrsXF4JzRREkbkIkLn3696Z9a7zBz-edz0Rh2i39XH9HEkjuwEk7b7F7aACvFl81f2h6pW2fErsB8Yd0ZecvKar8rU9vKArUdTUp__Ctcpm0OUoak5rk0wRs1GPu0EAOrB1B1P80Fwg6zLy1u_n9UMWOlWFvf_FaMug0qMesw7422aq465bZLwbJLA_2MO3wLg_2GVpm2zHz95C1PdxrEL0pR204egYjgDiIXmE5KC2AVM6sWUtguLhXkI8HL-QWDOdAlUVJDSuenMsJ7_QPY5O9Fxg==
2015-07-23T00:41:33+00:00 DEBUG (7): DPS result from url: v5irBQpMycG5ht0ZjpJWHwGMK64CZLjD-REQ8mEyRAUWvghyN2TSMZwOh9g2wUyvLZgcjkhaRslvqV3dx8FU8susVrOfUZJgj_AG5AsS5e6QagJKN0jZbhvndxGfBzqv_H1neEHAfYKOV5HaD_Ckn8eogAINgJC9WEl4Ax40SnEqR820e0GdhAe2ySnaGWIx4mnkx6pCR2eu3xJyKDlshcO1RRVno4iBypMsv5tUowc8DXtLLFQuE8NqUcSslYGoVJl8BM7Exm6q_DDosq3yYFKyFmw5azrsXF4JzRREkbkIkLn3696Z9a7zBz-edz0Rh2i39XH9HEkjuwEk7b7F7aACvFl81f2h6pW2fErsB8Yd0ZecvKar8rU9vKArUdTUp__Ctcpm0OUoak5rk0wRs1GPu0EAOrB1B1P80Fwg6zLy1u_n9UMWOlWFvf_FaMug0qMesw7422aq465bZLwbJLA_2MO3wLg_2GVpm2zHz95C1PdxrEL0pR204egYjgDiIXmE5KC2AVM6sWUtguLhXkI8HL-QWDOdAlUVJDSuenMsJ7_QPY5O9Fxg==
2015-07-23T00:41:34+00:00 DEBUG (7): MageBaseDps successAction userid FineTouchDisposables
2015-07-23T00:41:34+00:00 DEBUG (7): MageBaseDps successAction result v5irBQpMycG5ht0ZjpJWHwGMK64CZLjD-REQ8mEyRAUWvghyN2TSMZwOh9g2wUyvLZgcjkhaRslvqV3dx8FU8susVrOfUZJgj_AG5AsS5e6QagJKN0jZbhvndxGfBzqv_H1neEHAfYKOV5HaD_Ckn8eogAINgJC9WEl4Ax40SnEqR820e0GdhAe2ySnaGWIx4mnkx6pCR2eu3xJyKDlshcO1RRVno4iBypMsv5tUowc8DXtLLFQuE8NqUcSslYGoVJl8BM7Exm6q_DDosq3yYFKyFmw5azrsXF4JzRREkbkIkLn3696Z9a7zBz-edz0Rh2i39XH9HEkjuwEk7b7F7aACvFl81f2h6pW2fErsB8Yd0ZecvKar8rU9vKArUdTUp__Ctcpm0OUoak5rk0wRs1GPu0EAOrB1B1P80Fwg6zLy1u_n9UMWOlWFvf_FaMug0qMesw7422aq465bZLwbJLA_2MO3wLg_2GVpm2zHz95C1PdxrEL0pR204egYjgDiIXmE5KC2AVM6sWUtguLhXkI8HL-QWDOdAlUVJDSuenMsJ7_QPY5O9Fxg==
2015-07-23T00:41:34+00:00 DEBUG (7): 100000799 MageBaseDps User returned to Success Url
2015-07-23T00:41:34+00:00 DEBUG (7): 100000799 DPS Response: Purchase OK - create Invoice
2015-07-23T00:52:39+00:00 DEBUG (7): MageBaseDps successAction userid FineTouchDisposables
2015-07-23T00:52:39+00:00 DEBUG (7): MageBaseDps successAction result v5irBQpMycG5ht0ZjpJWHwGMK64CZLjD-REQ8mEyRAUWvghyN2TSMZwOh9g2wUyvLZgcjkhaRslvqV3dx8FU8susVrOfUZJgj_AG5AsS5e6QagJKN0jZbhvndxGfBzqv_H1neEHAfYKOV5HaD_Ckn8eogAINgJC9WEl4Ax40SnEqR820e0GdhAe2ySnaGWIx4mnkx6pCR2eu3xJyKDlshcO1RRVno4iBypMsv5tUowc8DXtLLFQuE8NqUcSslYGoVJl8BM7Exm6q_DDosq3yYFKyFmw5azrsXF4JzRREkbkIkLn3696Z9a7zBz-edz0Rh2i39XH9HEkjuwEk7b7F7aACvFl81f2h6pW2fErsB8Yd0ZecvKar8rU9vKArUdTUp__Ctcpm0OUoak5rk0wRs1GPu0EAOrB1B1P80Fwg6zLy1u_n9UMWOlWFvf_FaMug0qMesw7422aq465bZLwbJLA_2MO3wLg_2GVpm2zHz95C1PdxrEL0pR204egYjgDiIXmE5KC2AVM6sWUtguLhXkI8HL-QWDOdAlUVJDSuenMsJ7_QPY5O9Fxg==
2015-07-23T00:52:39+00:00 DEBUG (7): DPS result from url: v5irBQpMycG5ht0ZjpJWHwGMK64CZLjD-REQ8mEyRAUWvghyN2TSMZwOh9g2wUyvLZgcjkhaRslvqV3dx8FU8susVrOfUZJgj_AG5AsS5e6QagJKN0jZbhvndxGfBzqv_H1neEHAfYKOV5HaD_Ckn8eogAINgJC9WEl4Ax40SnEqR820e0GdhAe2ySnaGWIx4mnkx6pCR2eu3xJyKDlshcO1RRVno4iBypMsv5tUowc8DXtLLFQuE8NqUcSslYGoVJl8BM7Exm6q_DDosq3yYFKyFmw5azrsXF4JzRREkbkIkLn3696Z9a7zBz-edz0Rh2i39XH9HEkjuwEk7b7F7aACvFl81f2h6pW2fErsB8Yd0ZecvKar8rU9vKArUdTUp__Ctcpm0OUoak5rk0wRs1GPu0EAOrB1B1P80Fwg6zLy1u_n9UMWOlWFvf_FaMug0qMesw7422aq465bZLwbJLA_2MO3wLg_2GVpm2zHz95C1PdxrEL0pR204egYjgDiIXmE5KC2AVM6sWUtguLhXkI8HL-QWDOdAlUVJDSuenMsJ7_QPY5O9Fxg==
2015-07-23T00:52:39+00:00 DEBUG (7): 100000799 DPS Validation: Order already processed - current state (processing)
